Init(): About to read input file
ReadMachineClass(): Reading machine descriptor
ReadMachineClass(): Reading machine descriptor
ReadMachineClass(): Reading machine descriptor
ReadTaskClass(): Reading task descriptor
ReadTaskClass(): Task 0 with 1879231000 instructions added at 73299
ReadTaskClass(): Task 1 with 1654341000 instructions added at 75929
ReadTaskClass(): Task 2 with 2435966000 instructions added at 79714
ReadTaskClass(): Task 3 with 1917664000 instructions added at 82112
ReadTaskClass(): Task 4 with 1752391000 instructions added at 86891
ReadTaskClass(): Task 5 with 2679909000 instructions added at 94190
ReadTaskClass(): Task 6 with 1690090000 instructions added at 95468
ReadTaskClass(): Task 7 with 1476401000 instructions added at 104438
ReadTaskClass(): Task 8 with 1499329000 instructions added at 107381
ReadTaskClass(): Task 9 with 2491336000 instructions added at 111306
ReadTaskClass(): Task 10 with 1792555000 instructions added at 115740
ReadTaskClass(): Task 11 with 2246427000 instructions added at 124357
ReadTaskClass(): Task 12 with 1713752000 instructions added at 124989
ReadTaskClass(): Task 13 with 2130641000 instructions added at 138050
ReadTaskClass(): Task 14 with 1514038000 instructions added at 138390
ReadTaskClass(): Task 15 with 2073693000 instructions added at 144429
ReadTaskClass(): Task 16 with 2529930000 instructions added at 145502
ReadTaskClass(): Task 17 with 2904631000 instructions added at 147283
ReadTaskClass(): Task 18 with 2608728000 instructions added at 150490
ReadTaskClass(): Task 19 with 2302182000 instructions added at 150914
ReadTaskClass(): Task 20 with 1542210000 instructions added at 152283
ReadTaskClass(): Task 21 with 2129686000 instructions added at 153735
ReadTaskClass(): Task 22 with 2349917000 instructions added at 155531
ReadTaskClass(): Task 23 with 2907095000 instructions added at 159500
ReadTaskClass(): Task 24 with 1978269000 instructions added at 165153
ReadTaskClass(): Task 25 with 2450753000 instructions added at 170140
ReadTaskClass(): Task 26 with 2549384000 instructions added at 170766
ReadTaskClass(): Task 27 with 2455980000 instructions added at 174901
ReadTaskClass(): Task 28 with 2780353000 instructions added at 183308
ReadTaskClass(): Task 29 with 2242441000 instructions added at 184171
ReadTaskClass(): Task 30 with 2912059000 instructions added at 192584
ReadTaskClass(): Task 31 with 2807157000 instructions added at 197295
ReadTaskClass(): Task 32 with 2129858000 instructions added at 200109
ReadTaskClass(): Task 33 with 1443438000 instructions added at 202554
ReadTaskClass(): Task 34 with 2465318000 instructions added at 209184
ReadTaskClass(): Task 35 with 1825353000 instructions added at 212009
ReadTaskClass(): Task 36 with 1494407000 instructions added at 212861
ReadTaskClass(): Task 37 with 2625518000 instructions added at 219338
ReadTaskClass(): Task 38 with 1794838000 instructions added at 224263
ReadTaskClass(): Task 39 with 2081496000 instructions added at 224308
ReadTaskClass(): Task 40 with 1826919000 instructions added at 228382
ReadTaskClass(): Task 41 with 2653890000 instructions added at 229861
ReadTaskClass(): Task 42 with 2033127000 instructions added at 237737
ReadTaskClass(): Task 43 with 1751391000 instructions added at 240096
ReadTaskClass(): Task 44 with 1468385000 instructions added at 241339
ReadTaskClass(): Task 45 with 2611900000 instructions added at 244380
ReadTaskClass(): Task 46 with 2660156000 instructions added at 249975
ReadTaskClass(): Task 47 with 2005253000 instructions added at 250783
ReadTaskClass(): Task 48 with 2347168000 instructions added at 251569
ReadTaskClass(): Task 49 with 2559104000 instructions added at 252757
ReadTaskClass(): Task 50 with 2244796000 instructions added at 253623
ReadTaskClass(): Task 51 with 1986694000 instructions added at 257600
ReadTaskClass(): Task 52 with 2727713000 instructions added at 259210
ReadTaskClass(): Task 53 with 1597265000 instructions added at 259523
ReadTaskClass(): Task 54 with 2828272000 instructions added at 262478
ReadTaskClass(): Task 55 with 1835487000 instructions added at 262900
ReadTaskClass(): Task 56 with 2213497000 instructions added at 265484
ReadTaskClass(): Task 57 with 2247306000 instructions added at 265707
ReadTaskClass(): Task 58 with 1883460000 instructions added at 266514
ReadTaskClass(): Task 59 with 2261579000 instructions added at 268508
ReadTaskClass(): Task 60 with 2874912000 instructions added at 270536
ReadTaskClass(): Task 61 with 1948189000 instructions added at 270617
ReadTaskClass(): Task 62 with 2861093000 instructions added at 278140
ReadTaskClass(): Task 63 with 2802283000 instructions added at 280863
ReadTaskClass(): Task 64 with 2399901000 instructions added at 284373
ReadTaskClass(): Task 65 with 1945716000 instructions added at 284978
ReadTaskClass(): Task 66 with 1976223000 instructions added at 287238
ReadTaskClass(): Task 67 with 2501494000 instructions added at 288332
ReadTaskClass(): Task 68 with 2055661000 instructions added at 288572
ReadTaskClass(): Task 69 with 1716248000 instructions added at 289484
ReadTaskClass(): Task 70 with 2719470000 instructions added at 290033
ReadTaskClass(): Task 71 with 2712687000 instructions added at 290526
ReadTaskClass(): Task 72 with 2095607000 instructions added at 292863
ReadTaskClass(): Task 73 with 2669301000 instructions added at 299007
ReadTaskClass(): Task 74 with 2338814000 instructions added at 304773
ReadTaskClass(): Task 75 with 1637660000 instructions added at 306867
ReadTaskClass(): Task 76 with 1758740000 instructions added at 326936
ReadTaskClass(): Task 77 with 2442510000 instructions added at 328401
ReadTaskClass(): Task 78 with 2231418000 instructions added at 338246
ReadTaskClass(): Task 79 with 1499502000 instructions added at 338529
ReadTaskClass(): Task 80 with 2418244000 instructions added at 342051
ReadTaskClass(): Task 81 with 2847467000 instructions added at 343509
ReadTaskClass(): Task 82 with 2911759000 instructions added at 345662
ReadTaskClass(): Task 83 with 1883238000 instructions added at 347466
ReadTaskClass(): Task 84 with 2180428000 instructions added at 349832
ReadTaskClass(): Task 85 with 2595276000 instructions added at 362821
ReadTaskClass(): Task 86 with 2356354000 instructions added at 363134
ReadTaskClass(): Task 87 with 2750770000 instructions added at 363986
ReadTaskClass(): Task 88 with 1885298000 instructions added at 364702
ReadTaskClass(): Task 89 with 2364737000 instructions added at 365191
ReadTaskClass(): Task 90 with 1525616000 instructions added at 370959
ReadTaskClass(): Task 91 with 2953466000 instructions added at 379855
ReadTaskClass(): Task 92 with 1913044000 instructions added at 391763
ReadTaskClass(): Task 93 with 1791950000 instructions added at 393648
ReadTaskClass(): Task 94 with 2808307000 instructions added at 395087
ReadTaskClass(): Task 95 with 1935401000 instructions added at 397419
ReadTaskClass(): Task 96 with 2773170000 instructions added at 405534
ReadTaskClass(): Task 97 with 2857049000 instructions added at 407327
ReadTaskClass(): Task 98 with 1827583000 instructions added at 420206
ReadTaskClass(): Task 99 with 2200229000 instructions added at 420811
ReadTaskClass(): Task 100 with 2224502000 instructions added at 421362
ReadTaskClass(): Task 101 with 2179531000 instructions added at 423932
ReadTaskClass(): Task 102 with 2633908000 instructions added at 430435
ReadTaskClass(): Task 103 with 2437447000 instructions added at 430930
ReadTaskClass(): Task 104 with 2211141000 instructions added at 443173
ReadTaskClass(): Task 105 with 2670019000 instructions added at 452180
ReadTaskClass(): Task 106 with 1806011000 instructions added at 459404
ReadTaskClass(): Task 107 with 2105331000 instructions added at 468287
ReadTaskClass(): Task 108 with 1823482000 instructions added at 471760
ReadTaskClass(): Task 109 with 1695500000 instructions added at 475879
ReadTaskClass(): Task 110 with 1954424000 instructions added at 489949
ReadTaskClass(): Task 111 with 1677056000 instructions added at 498430
ReadTaskClass(): Task 112 with 2755053000 instructions added at 499619
ReadTaskClass(): Task 113 with 1717610000 instructions added at 503800
ReadTaskClass(): Task 114 with 2068069000 instructions added at 514848
ReadTaskClass(): Task 115 with 2603430000 instructions added at 515243
ReadTaskClass(): Task 116 with 1637781000 instructions added at 521277
ReadTaskClass(): Task 117 with 2404350000 instructions added at 531010
ReadTaskClass(): Task 118 with 2819145000 instructions added at 537433
ReadTaskClass(): Task 119 with 1499868000 instructions added at 539604
ReadTaskClass(): Task 120 with 2292335000 instructions added at 545781
ReadTaskClass(): Task 121 with 2567587000 instructions added at 546123
ReadTaskClass(): Task 122 with 2472776000 instructions added at 553222
ReadTaskClass(): Task 123 with 2847055000 instructions added at 560736
ReadTaskClass(): Task 124 with 2512378000 instructions added at 561218
ReadTaskClass(): Task 125 with 2197752000 instructions added at 564901
ReadTaskClass(): Task 126 with 1863360000 instructions added at 568488
ReadTaskClass(): Task 127 with 2312174000 instructions added at 568995
ReadTaskClass(): Task 128 with 1851014000 instructions added at 571507
ReadTaskClass(): Task 129 with 2345755000 instructions added at 572465
ReadTaskClass(): Task 130 with 2763780000 instructions added at 574041
ReadTaskClass(): Task 131 with 1890874000 instructions added at 574189
ReadTaskClass(): Task 132 with 1444899000 instructions added at 575501
ReadTaskClass(): Task 133 with 2336862000 instructions added at 576161
ReadTaskClass(): Task 134 with 1440765000 instructions added at 577947
ReadTaskClass(): Task 135 with 2763403000 instructions added at 583040
ReadTaskClass(): Task 136 with 2230492000 instructions added at 584470
ReadTaskClass(): Task 137 with 2102553000 instructions added at 591155
ReadTaskClass(): Task 138 with 2821873000 instructions added at 591876
ReadTaskClass(): Task 139 with 2064944000 instructions added at 593282
ReadTaskClass(): Task 140 with 2746146000 instructions added at 603225
ReadTaskClass(): Task 141 with 2767384000 instructions added at 603639
ReadTaskClass(): Task 142 with 1916913000 instructions added at 606700
ReadTaskClass(): Task 143 with 1643895000 instructions added at 607240
ReadTaskClass(): Task 144 with 1869712000 instructions added at 617202
ReadTaskClass(): Task 145 with 2096014000 instructions added at 623244
ReadTaskClass(): Task 146 with 1705617000 instructions added at 624745
ReadTaskClass(): Task 147 with 2960645000 instructions added at 626454
ReadTaskClass(): Task 148 with 2953352000 instructions added at 633689
ReadTaskClass(): Task 149 with 1647084000 instructions added at 633726
ReadTaskClass(): Task 150 with 1892615000 instructions added at 639654
ReadTaskClass(): Task 151 with 2040950000 instructions added at 639725
ReadTaskClass(): Task 152 with 2103954000 instructions added at 641311
ReadTaskClass(): Task 153 with 2734607000 instructions added at 641430
ReadTaskClass(): Task 154 with 2467834000 instructions added at 647004
ReadTaskClass(): Task 155 with 2473845000 instructions added at 649935
ReadTaskClass(): Task 156 with 1473378000 instructions added at 650535
ReadTaskClass(): Task 157 with 2209060000 instructions added at 658079
ReadTaskClass(): Task 158 with 1542547000 instructions added at 666912
ReadTaskClass(): Task 159 with 2870851000 instructions added at 669740
ReadTaskClass(): Task 160 with 1516749000 instructions added at 674706
ReadTaskClass(): Task 161 with 1968427000 instructions added at 675691
ReadTaskClass(): Task 162 with 1837645000 instructions added at 679473
ReadTaskClass(): Task 163 with 1711273000 instructions added at 682218
ReadTaskClass(): Task 164 with 1683958000 instructions added at 688818
ReadTaskClass(): Task 165 with 2039956000 instructions added at 689172
ReadTaskClass(): Task 166 with 2859443000 instructions added at 693205
ReadTaskClass(): Task 167 with 2375179000 instructions added at 693875
ReadTaskClass(): Task 168 with 1704861000 instructions added at 696540
ReadTaskClass(): Task 169 with 2278345000 instructions added at 697486
ReadTaskClass(): Task 170 with 1569522000 instructions added at 699903
ReadTaskClass(): Task 171 with 2614671000 instructions added at 703002
ReadTaskClass(): Task 172 with 2476147000 instructions added at 707699
ReadTaskClass(): Task 173 with 2319097000 instructions added at 710091
ReadTaskClass(): Task 174 with 2718794000 instructions added at 714976
ReadTaskClass(): Task 175 with 1970785000 instructions added at 717115
ReadTaskClass(): Task 176 with 2959502000 instructions added at 722980
ReadTaskClass(): Task 177 with 2452517000 instructions added at 725472
ReadTaskClass(): Task 178 with 2689159000 instructions added at 728349
ReadTaskClass(): Task 179 with 2802842000 instructions added at 730331
ReadTaskClass(): Task 180 with 2820653000 instructions added at 740863
ReadTaskClass(): Task 181 with 2101740000 instructions added at 746471
ReadTaskClass(): Task 182 with 1926795000 instructions added at 755091
ReadTaskClass(): Task 183 with 1479632000 instructions added at 756787
ReadTaskClass(): Task 184 with 2531238000 instructions added at 759356
ReadTaskClass(): Task 185 with 2712738000 instructions added at 763360
ReadTaskClass(): Task 186 with 2817316000 instructions added at 764420
ReadTaskClass(): Task 187 with 1525878000 instructions added at 768006
ReadTaskClass(): Task 188 with 2846673000 instructions added at 772326
ReadTaskClass(): Task 189 with 1895150000 instructions added at 783520
ReadTaskClass(): Task 190 with 1500691000 instructions added at 785320
ReadTaskClass(): Task 191 with 1463336000 instructions added at 787613
ReadTaskClass(): Task 192 with 2631456000 instructions added at 790029
ReadTaskClass(): Task 193 with 1988359000 instructions added at 790212
ReadTaskClass(): Task 194 with 2047451000 instructions added at 790458
ReadTaskClass(): Task 195 with 2878245000 instructions added at 790601
ReadTaskClass(): Task 196 with 1940095000 instructions added at 799046
ReadTaskClass(): Task 197 with 1647184000 instructions added at 803420
ReadTaskClass(): Task 198 with 1521913000 instructions added at 803970
ReadTaskClass(): Task 199 with 1829773000 instructions added at 806790
ReadTaskClass(): Task 200 with 2309375000 instructions added at 808051
ReadTaskClass(): Task 201 with 2048475000 instructions added at 809384
ReadTaskClass(): Task 202 with 1482310000 instructions added at 822783
ReadTaskClass(): Task 203 with 2660419000 instructions added at 822949
ReadTaskClass(): Task 204 with 2679324000 instructions added at 827017
ReadTaskClass(): Task 205 with 2215686000 instructions added at 828563
ReadTaskClass(): Task 206 with 2518802000 instructions added at 833114
ReadTaskClass(): Task 207 with 2707189000 instructions added at 834153
ReadTaskClass(): Task 208 with 1446565000 instructions added at 837057
ReadTaskClass(): Task 209 with 1518538000 instructions added at 837535
ReadTaskClass(): Task 210 with 2739637000 instructions added at 842322
ReadTaskClass(): Task 211 with 2329161000 instructions added at 843187
ReadTaskClass(): Task 212 with 2047879000 instructions added at 844325
ReadTaskClass(): Task 213 with 1906719000 instructions added at 845023
ReadTaskClass(): Task 214 with 2467320000 instructions added at 851376
ReadTaskClass(): Task 215 with 2156340000 instructions added at 855140
ReadTaskClass(): Task 216 with 1708751000 instructions added at 860830
ReadTaskClass(): Task 217 with 1882381000 instructions added at 862798
ReadTaskClass(): Task 218 with 2271339000 instructions added at 863981
ReadTaskClass(): Task 219 with 2446513000 instructions added at 869026
ReadTaskClass(): Task 220 with 1733917000 instructions added at 876752
ReadTaskClass(): Task 221 with 1852780000 instructions added at 888350
ReadTaskClass(): Task 222 with 1596145000 instructions added at 897900
ReadTaskClass(): Task 223 with 2068307000 instructions added at 899299
ReadTaskClass(): Task 224 with 1744846000 instructions added at 905048
ReadTaskClass(): Task 225 with 2916156000 instructions added at 907405
ReadTaskClass(): Task 226 with 2428480000 instructions added at 909199
ReadTaskClass(): Task 227 with 2793087000 instructions added at 909546
ReadTaskClass(): Task 228 with 2045028000 instructions added at 911184
ReadTaskClass(): Task 229 with 1541250000 instructions added at 911603
ReadTaskClass(): Task 230 with 2296797000 instructions added at 913337
ReadTaskClass(): Task 231 with 2390436000 instructions added at 914491
ReadTaskClass(): Task 232 with 1896917000 instructions added at 914785
ReadTaskClass(): Task 233 with 2684214000 instructions added at 916759
ReadTaskClass(): Task 234 with 2604576000 instructions added at 932292
ReadTaskClass(): Task 235 with 2342530000 instructions added at 935483
ReadTaskClass(): Task 236 with 1897091000 instructions added at 939446
ReadTaskClass(): Task 237 with 2805853000 instructions added at 940263
ReadTaskClass(): Task 238 with 2927287000 instructions added at 942726
ReadTaskClass(): Task 239 with 1912364000 instructions added at 945121
ReadTaskClass(): Task 240 with 2117205000 instructions added at 947644
ReadTaskClass(): Task 241 with 2833498000 instructions added at 949491
ReadTaskClass(): Task 242 with 2438741000 instructions added at 960597
ReadTaskClass(): Task 243 with 2431202000 instructions added at 961266
ReadTaskClass(): Task 244 with 1864999000 instructions added at 962384
ReadTaskClass(): Task 245 with 2661710000 instructions added at 963504
ReadTaskClass(): Task 246 with 2036479000 instructions added at 963886
ReadTaskClass(): Task 247 with 2759942000 instructions added at 969714
ReadTaskClass(): Task 248 with 1616524000 instructions added at 972306
ReadTaskClass(): Task 249 with 2802329000 instructions added at 974744
ReadTaskClass(): Task 250 with 1827033000 instructions added at 976327
ReadTaskClass(): Task 251 with 2644914000 instructions added at 977518
ReadTaskClass(): Task 252 with 1497879000 instructions added at 977913
ReadTaskClass(): Task 253 with 2196637000 instructions added at 982722
ReadTaskClass(): Task 254 with 1962995000 instructions added at 986535
ReadTaskClass(): Task 255 with 1624886000 instructions added at 989739
ReadTaskClass(): Task 256 with 2943134000 instructions added at 990782
ReadTaskClass(): Task 257 with 1769008000 instructions added at 998030
ReadTaskClass(): Task 258 with 2393184000 instructions added at 998151
ReadTaskClass(): Task 259 with 1928322000 instructions added at 998816
ReadTaskClass(): Task 260 with 2816262000 instructions added at 1016169
ReadTaskClass(): Task 261 with 1684846000 instructions added at 1019402
ReadTaskClass(): Task 262 with 2480982000 instructions added at 1020064
ReadTaskClass(): Task 263 with 1501290000 instructions added at 1022729
ReadTaskClass(): Task 264 with 2213602000 instructions added at 1025998
ReadTaskClass(): Task 265 with 2261286000 instructions added at 1026853
ReadTaskClass(): Task 266 with 2920048000 instructions added at 1027937
ReadTaskClass(): Task 267 with 1664562000 instructions added at 1032191
ReadTaskClass(): Task 268 with 1621923000 instructions added at 1034069
ReadTaskClass(): Task 269 with 2802210000 instructions added at 1038803
ReadTaskClass(): Task 270 with 1545569000 instructions added at 1043823
ReadTaskClass(): Task 271 with 2064690000 instructions added at 1055418
ReadTaskClass(): Task 272 with 2004679000 instructions added at 1060138
ReadTaskClass(): Task 273 with 2637526000 instructions added at 1068185
ReadTaskClass(): Task 274 with 2239527000 instructions added at 1069989
ReadTaskClass(): Task 275 with 2560672000 instructions added at 1070135
ReadTaskClass(): Task 276 with 1714605000 instructions added at 1077593
ReadTaskClass(): Task 277 with 2918312000 instructions added at 1083465
ReadTaskClass(): Task 278 with 2058626000 instructions added at 1085783
ReadTaskClass(): Task 279 with 2563755000 instructions added at 1085975
ReadTaskClass(): Task 280 with 2325780000 instructions added at 1086151
ReadTaskClass(): Task 281 with 1655187000 instructions added at 1086461
ReadTaskClass(): Task 282 with 2370182000 instructions added at 1092420
ReadTaskClass(): Task 283 with 2300599000 instructions added at 1105288
ReadTaskClass(): Task 284 with 2376420000 instructions added at 1109214
ReadTaskClass(): Task 285 with 1812927000 instructions added at 1113166
ReadTaskClass(): Task 286 with 1897512000 instructions added at 1116699
ReadTaskClass(): Task 287 with 1604480000 instructions added at 1117489
ReadTaskClass(): Task 288 with 1928974000 instructions added at 1122314
ReadTaskClass(): Task 289 with 1973241000 instructions added at 1127705
ReadTaskClass(): Task 290 with 1756902000 instructions added at 1130105
ReadTaskClass(): Task 291 with 2645885000 instructions added at 1133406
ReadTaskClass(): Task 292 with 2224818000 instructions added at 1136735
ReadTaskClass(): Task 293 with 2312596000 instructions added at 1138919
ReadTaskClass(): Task 294 with 2033609000 instructions added at 1141123
ReadTaskClass(): Task 295 with 2433268000 instructions added at 1141298
ReadTaskClass(): Task 296 with 2452874000 instructions added at 1150182
ReadTaskClass(): Task 297 with 2759987000 instructions added at 1151382
ReadTaskClass(): Task 298 with 2581228000 instructions added at 1157750
ReadTaskClass(): Task 299 with 2830377000 instructions added at 1164071
ReadTaskClass(): Task 300 with 2824277000 instructions added at 1169518
ReadTaskClass(): Task 301 with 2184826000 instructions added at 1171654
ReadTaskClass(): Task 302 with 2395701000 instructions added at 1172984
ReadTaskClass(): Task 303 with 1592275000 instructions added at 1176647
ReadTaskClass(): Task 304 with 2734470000 instructions added at 1183212
ReadTaskClass(): Task 305 with 2757214000 instructions added at 1185262
ReadTaskClass(): Task 306 with 2266674000 instructions added at 1188988
ReadTaskClass(): Task 307 with 2681709000 instructions added at 1189604
ReadTaskClass(): Task 308 with 2916947000 instructions added at 1194625
ReadTaskClass(): Task 309 with 2619822000 instructions added at 1197252
ReadTaskClass(): Task 310 with 2085171000 instructions added at 1202437
ReadTaskClass(): Task 311 with 1833834000 instructions added at 1202742
ReadTaskClass(): Task 312 with 2568546000 instructions added at 1205050
ReadTaskClass(): Task 313 with 2183631000 instructions added at 1205654
ReadTaskClass(): Task 314 with 2724854000 instructions added at 1209098
ReadTaskClass(): Task 315 with 2896269000 instructions added at 1210357
ReadTaskClass(): Task 316 with 1633441000 instructions added at 1212055
ReadTaskClass(): Task 317 with 2387528000 instructions added at 1218411
ReadTaskClass(): Task 318 with 2740774000 instructions added at 1219664
ReadTaskClass(): Task 319 with 2806766000 instructions added at 1221302
ReadTaskClass(): Task 320 with 2251569000 instructions added at 1231178
ReadTaskClass(): Task 321 with 2373457000 instructions added at 1231615
ReadTaskClass(): Task 322 with 2515574000 instructions added at 1233748
ReadTaskClass(): Task 323 with 1601006000 instructions added at 1234328
ReadTaskClass(): Task 324 with 2720961000 instructions added at 1235527
ReadTaskClass(): Task 325 with 2068366000 instructions added at 1242722
ReadTaskClass(): Task 326 with 2692669000 instructions added at 1249901
ReadTaskClass(): Task 327 with 2189119000 instructions added at 1251987
ReadTaskClass(): Task 328 with 1503103000 instructions added at 1252518
ReadTaskClass(): Task 329 with 2051181000 instructions added at 1254512
ReadTaskClass(): Task 330 with 2345014000 instructions added at 1259851
ReadTaskClass(): Task 331 with 2681102000 instructions added at 1265662
ReadTaskClass(): Task 332 with 2482321000 instructions added at 1266752
ReadTaskClass(): Task 333 with 2836330000 instructions added at 1268906
ReadTaskClass(): Task 334 with 2564138000 instructions added at 1273689
ReadTaskClass(): Task 335 with 2692894000 instructions added at 1277754
ReadTaskClass(): Task 336 with 2902461000 instructions added at 1280583
ReadTaskClass(): Task 337 with 2451429000 instructions added at 1284876
ReadTaskClass(): Task 338 with 1884061000 instructions added at 1286094
ReadTaskClass(): Task 339 with 2598536000 instructions added at 1286603
ReadTaskClass(): Task 340 with 2533762000 instructions added at 1287916
ReadTaskClass(): Task 341 with 1518300000 instructions added at 1292688
ReadTaskClass(): Task 342 with 2056285000 instructions added at 1293007
ReadTaskClass(): Task 343 with 1669522000 instructions added at 1297873
ReadTaskClass(): Task 344 with 1622947000 instructions added at 1298606
ReadTaskClass(): Task 345 with 2960147000 instructions added at 1303524
ReadTaskClass(): Task 346 with 1482822000 instructions added at 1306713
ReadTaskClass(): Task 347 with 2684468000 instructions added at 1308025
ReadTaskClass(): Task 348 with 1725218000 instructions added at 1310960
ReadTaskClass(): Task 349 with 2076180000 instructions added at 1311223
ReadTaskClass(): Task 350 with 2595161000 instructions added at 1317168
ReadTaskClass(): Task 351 with 2428592000 instructions added at 1317749
ReadTaskClass(): Task 352 with 2949821000 instructions added at 1319166
ReadTaskClass(): Task 353 with 2240365000 instructions added at 1322327
ReadTaskClass(): Task 354 with 2408944000 instructions added at 1325333
ReadTaskClass(): Task 355 with 2926516000 instructions added at 1328780
ReadTaskClass(): Task 356 with 2030760000 instructions added at 1341378
ReadTaskClass(): Task 357 with 1613792000 instructions added at 1342469
ReadTaskClass(): Task 358 with 2861120000 instructions added at 1345041
ReadTaskClass(): Task 359 with 2228451000 instructions added at 1351176
ReadTaskClass(): Task 360 with 1539676000 instructions added at 1353889
ReadTaskClass(): Task 361 with 2065486000 instructions added at 1359010
ReadTaskClass(): Task 362 with 1927842000 instructions added at 1359334
ReadTaskClass(): Task 363 with 2264469000 instructions added at 1378658
ReadTaskClass(): Task 364 with 2380477000 instructions added at 1379881
ReadTaskClass(): Task 365 with 2540505000 instructions added at 1381292
ReadTaskClass(): Task 366 with 2834897000 instructions added at 1393131
ReadTaskClass(): Task 367 with 1706622000 instructions added at 1394107
ReadTaskClass(): Task 368 with 2461034000 instructions added at 1396154
ReadTaskClass(): Task 369 with 2673280000 instructions added at 1407598
ReadTaskClass(): Reading task descriptor
ReadTaskClass(): Task 370 with 3473883000 instructions added at 114746
ReadTaskClass(): Task 371 with 3206650000 instructions added at 118517
ReadTaskClass(): Task 372 with 3457297000 instructions added at 129947
ReadTaskClass(): Task 373 with 3037109000 instructions added at 133750
ReadTaskClass(): Task 374 with 1965192000 instructions added at 134046
ReadTaskClass(): Task 375 with 2601401000 instructions added at 134298
ReadTaskClass(): Task 376 with 3380419000 instructions added at 141834
ReadTaskClass(): Task 377 with 2705941000 instructions added at 142875
ReadTaskClass(): Task 378 with 1928529000 instructions added at 143454
ReadTaskClass(): Task 379 with 1784635000 instructions added at 144872
ReadTaskClass(): Task 380 with 2211376000 instructions added at 155751
ReadTaskClass(): Task 381 with 2321672000 instructions added at 156013
ReadTaskClass(): Task 382 with 2737370000 instructions added at 159470
ReadTaskClass(): Task 383 with 2839813000 instructions added at 159603
ReadTaskClass(): Task 384 with 2606662000 instructions added at 161198
ReadTaskClass(): Task 385 with 2697957000 instructions added at 173811
ReadTaskClass(): Task 386 with 2511124000 instructions added at 174725
ReadTaskClass(): Task 387 with 1882575000 instructions added at 177337
ReadTaskClass(): Task 388 with 1856638000 instructions added at 182677
ReadTaskClass(): Task 389 with 2142873000 instructions added at 184625
ReadTaskClass(): Task 390 with 1919052000 instructions added at 192381
ReadTaskClass(): Task 391 with 3307453000 instructions added at 195547
ReadTaskClass(): Task 392 with 2940493000 instructions added at 195647
ReadTaskClass(): Task 393 with 2101846000 instructions added at 207467
ReadTaskClass(): Task 394 with 2543221000 instructions added at 208077
ReadTaskClass(): Task 395 with 2189437000 instructions added at 210591
ReadTaskClass(): Task 396 with 2077847000 instructions added at 210903
ReadTaskClass(): Task 397 with 2535199000 instructions added at 215429
ReadTaskClass(): Task 398 with 2651468000 instructions added at 217185
ReadTaskClass(): Task 399 with 2813407000 instructions added at 223464
ReadTaskClass(): Task 400 with 2874448000 instructions added at 240715
ReadTaskClass(): Task 401 with 2941167000 instructions added at 242260
ReadTaskClass(): Task 402 with 2785551000 instructions added at 245446
ReadTaskClass(): Task 403 with 2219248000 instructions added at 249020
ReadTaskClass(): Task 404 with 3303072000 instructions added at 257675
ReadTaskClass(): Task 405 with 2472162000 instructions added at 273974
ReadTaskClass(): Task 406 with 1939494000 instructions added at 289534
ReadTaskClass(): Task 407 with 2626491000 instructions added at 296408
ReadTaskClass(): Task 408 with 1791925000 instructions added at 296672
ReadTaskClass(): Task 409 with 1720472000 instructions added at 296959
ReadTaskClass(): Task 410 with 1890275000 instructions added at 297232
ReadTaskClass(): Task 411 with 1765422000 instructions added at 301731
ReadTaskClass(): Task 412 with 3069506000 instructions added at 303089
ReadTaskClass(): Task 413 with 2590228000 instructions added at 305395
ReadTaskClass(): Task 414 with 2909368000 instructions added at 309385
ReadTaskClass(): Task 415 with 2069119000 instructions added at 309507
ReadTaskClass(): Task 416 with 2978167000 instructions added at 310111
ReadTaskClass(): Task 417 with 3171861000 instructions added at 313946
ReadTaskClass(): Task 418 with 2676069000 instructions added at 324888
ReadTaskClass(): Task 419 with 3272098000 instructions added at 325788
ReadTaskClass(): Task 420 with 3329829000 instructions added at 329684
ReadTaskClass(): Task 421 with 3333540000 instructions added at 333124
ReadTaskClass(): Task 422 with 2837061000 instructions added at 350774
ReadTaskClass(): Task 423 with 2035475000 instructions added at 353123
ReadTaskClass(): Task 424 with 1952633000 instructions added at 361216
ReadTaskClass(): Task 425 with 2219815000 instructions added at 365623
ReadTaskClass(): Task 426 with 2744753000 instructions added at 365765
ReadTaskClass(): Task 427 with 2731223000 instructions added at 366991
ReadTaskClass(): Task 428 with 2931819000 instructions added at 381254
ReadTaskClass(): Task 429 with 3273032000 instructions added at 381273
ReadTaskClass(): Task 430 with 1867642000 instructions added at 382862
ReadTaskClass(): Task 431 with 2656528000 instructions added at 383759
ReadTaskClass(): Task 432 with 1968721000 instructions added at 385424
ReadTaskClass(): Task 433 with 3351751000 instructions added at 388353
ReadTaskClass(): Task 434 with 2197629000 instructions added at 390047
ReadTaskClass(): Task 435 with 2603922000 instructions added at 392295
ReadTaskClass(): Task 436 with 2972134000 instructions added at 397396
ReadTaskClass(): Task 437 with 2946679000 instructions added at 397473
ReadTaskClass(): Task 438 with 2638631000 instructions added at 399867
ReadTaskClass(): Task 439 with 2966299000 instructions added at 401150
ReadTaskClass(): Task 440 with 3047523000 instructions added at 402869
ReadTaskClass(): Task 441 with 2110175000 instructions added at 406133
ReadTaskClass(): Task 442 with 2915635000 instructions added at 410657
ReadTaskClass(): Task 443 with 1848713000 instructions added at 413106
ReadTaskClass(): Task 444 with 3229250000 instructions added at 418307
ReadTaskClass(): Task 445 with 2101956000 instructions added at 420253
ReadTaskClass(): Task 446 with 3355918000 instructions added at 428086
ReadTaskClass(): Task 447 with 3488773000 instructions added at 430607
ReadTaskClass(): Task 448 with 3454824000 instructions added at 433169
ReadTaskClass(): Task 449 with 2762159000 instructions added at 434235
ReadTaskClass(): Task 450 with 2764520000 instructions added at 437993
ReadTaskClass(): Task 451 with 3054241000 instructions added at 438117
ReadTaskClass(): Task 452 with 2352779000 instructions added at 442993
ReadTaskClass(): Task 453 with 3091316000 instructions added at 447260
ReadTaskClass(): Task 454 with 1846856000 instructions added at 449851
ReadTaskClass(): Task 455 with 2822979000 instructions added at 462015
ReadTaskClass(): Task 456 with 1893666000 instructions added at 463525
ReadTaskClass(): Task 457 with 2500329000 instructions added at 473366
ReadTaskClass(): Task 458 with 2873990000 instructions added at 474569
ReadTaskClass(): Task 459 with 1942523000 instructions added at 479522
ReadTaskClass(): Task 460 with 2450777000 instructions added at 493399
ReadTaskClass(): Task 461 with 2363403000 instructions added at 496399
ReadTaskClass(): Task 462 with 2314271000 instructions added at 505998
ReadTaskClass(): Task 463 with 2801825000 instructions added at 509846
ReadTaskClass(): Task 464 with 2346795000 instructions added at 513686
ReadTaskClass(): Task 465 with 2360845000 instructions added at 524158
ReadTaskClass(): Task 466 with 1911447000 instructions added at 524521
ReadTaskClass(): Task 467 with 2113775000 instructions added at 525094
ReadTaskClass(): Task 468 with 1718122000 instructions added at 527498
ReadTaskClass(): Task 469 with 2739533000 instructions added at 529954
ReadTaskClass(): Task 470 with 2445109000 instructions added at 533094
ReadTaskClass(): Task 471 with 2206833000 instructions added at 533294
ReadTaskClass(): Task 472 with 2671661000 instructions added at 533571
ReadTaskClass(): Task 473 with 2818320000 instructions added at 534408
ReadTaskClass(): Task 474 with 2637141000 instructions added at 546044
ReadTaskClass(): Task 475 with 2887624000 instructions added at 552955
ReadTaskClass(): Task 476 with 2349416000 instructions added at 567619
ReadTaskClass(): Task 477 with 3429911000 instructions added at 581028
ReadTaskClass(): Task 478 with 2847102000 instructions added at 587799
ReadTaskClass(): Task 479 with 3186879000 instructions added at 602794
ReadTaskClass(): Task 480 with 1829927000 instructions added at 608386
ReadTaskClass(): Task 481 with 2001974000 instructions added at 611937
ReadTaskClass(): Task 482 with 3348202000 instructions added at 613009
ReadTaskClass(): Task 483 with 1760123000 instructions added at 617889
ReadTaskClass(): Task 484 with 2740433000 instructions added at 628033
ReadTaskClass(): Task 485 with 2371622000 instructions added at 628478
ReadTaskClass(): Task 486 with 1968085000 instructions added at 640755
ReadTaskClass(): Task 487 with 2330254000 instructions added at 641986
ReadTaskClass(): Task 488 with 3189179000 instructions added at 644102
ReadTaskClass(): Task 489 with 3133166000 instructions added at 646521
ReadTaskClass(): Task 490 with 2942414000 instructions added at 658841
ReadTaskClass(): Task 491 with 2593214000 instructions added at 661905
ReadTaskClass(): Task 492 with 3006536000 instructions added at 669833
ReadTaskClass(): Task 493 with 2999639000 instructions added at 674160
ReadTaskClass(): Task 494 with 3500284000 instructions added at 680491
ReadTaskClass(): Task 495 with 1756208000 instructions added at 687823
ReadTaskClass(): Task 496 with 2622627000 instructions added at 688102
ReadTaskClass(): Task 497 with 2212404000 instructions added at 688873
ReadTaskClass(): Task 498 with 3427318000 instructions added at 691260
ReadTaskClass(): Task 499 with 2824813000 instructions added at 700260
ReadTaskClass(): Task 500 with 1818380000 instructions added at 719129
ReadTaskClass(): Task 501 with 1849438000 instructions added at 723919
ReadTaskClass(): Task 502 with 2975949000 instructions added at 725858
ReadTaskClass(): Task 503 with 2683178000 instructions added at 734090
ReadTaskClass(): Task 504 with 2562632000 instructions added at 737621
ReadTaskClass(): Task 505 with 3317423000 instructions added at 738368
ReadTaskClass(): Task 506 with 1898060000 instructions added at 741455
ReadTaskClass(): Task 507 with 3129406000 instructions added at 744623
ReadTaskClass(): Task 508 with 3271248000 instructions added at 752000
ReadTaskClass(): Task 509 with 3230478000 instructions added at 752338
ReadTaskClass(): Task 510 with 3324439000 instructions added at 756686
ReadTaskClass(): Task 511 with 3314777000 instructions added at 758509
ReadTaskClass(): Task 512 with 3254069000 instructions added at 762548
ReadTaskClass(): Task 513 with 3115637000 instructions added at 773915
ReadTaskClass(): Task 514 with 2878716000 instructions added at 777068
ReadTaskClass(): Task 515 with 2492474000 instructions added at 777540
ReadTaskClass(): Task 516 with 1705410000 instructions added at 781873
ReadTaskClass(): Task 517 with 2134988000 instructions added at 787320
ReadTaskClass(): Task 518 with 2095308000 instructions added at 788591
ReadTaskClass(): Task 519 with 3433188000 instructions added at 790160
ReadTaskClass(): Task 520 with 2633746000 instructions added at 792206
ReadTaskClass(): Task 521 with 2264999000 instructions added at 793729
ReadTaskClass(): Task 522 with 2145299000 instructions added at 797925
ReadTaskClass(): Task 523 with 2782139000 instructions added at 801023
ReadTaskClass(): Task 524 with 1950789000 instructions added at 801972
ReadTaskClass(): Task 525 with 3161808000 instructions added at 806565
ReadTaskClass(): Task 526 with 3252479000 instructions added at 810082
ReadTaskClass(): Task 527 with 3453451000 instructions added at 814839
ReadTaskClass(): Task 528 with 2585908000 instructions added at 816060
ReadTaskClass(): Task 529 with 2525444000 instructions added at 822820
ReadTaskClass(): Task 530 with 3273553000 instructions added at 825906
ReadTaskClass(): Task 531 with 2856817000 instructions added at 828864
ReadTaskClass(): Task 532 with 1795121000 instructions added at 829280
ReadTaskClass(): Task 533 with 1821876000 instructions added at 829438
ReadTaskClass(): Task 534 with 3316758000 instructions added at 835295
ReadTaskClass(): Task 535 with 2714585000 instructions added at 843692
ReadTaskClass(): Task 536 with 3076395000 instructions added at 844107
ReadTaskClass(): Task 537 with 2785007000 instructions added at 844312
ReadTaskClass(): Task 538 with 2829020000 instructions added at 847037
ReadTaskClass(): Task 539 with 3343034000 instructions added at 851579
ReadTaskClass(): Task 540 with 2026609000 instructions added at 860966
ReadTaskClass(): Task 541 with 2233314000 instructions added at 861708
ReadTaskClass(): Task 542 with 2549467000 instructions added at 871608
ReadTaskClass(): Task 543 with 3104856000 instructions added at 873093
ReadTaskClass(): Task 544 with 2449444000 instructions added at 873689
ReadTaskClass(): Task 545 with 2728066000 instructions added at 880282
ReadTaskClass(): Task 546 with 3428760000 instructions added at 883463
ReadTaskClass(): Task 547 with 2887179000 instructions added at 885411
ReadTaskClass(): Task 548 with 1910274000 instructions added at 897321
ReadTaskClass(): Task 549 with 1850034000 instructions added at 898131
ReadTaskClass(): Task 550 with 3226846000 instructions added at 898437
ReadTaskClass(): Task 551 with 2540125000 instructions added at 899069
ReadTaskClass(): Task 552 with 2035034000 instructions added at 902253
ReadTaskClass(): Task 553 with 2258634000 instructions added at 913572
ReadTaskClass(): Task 554 with 3463052000 instructions added at 913680
ReadTaskClass(): Task 555 with 1839661000 instructions added at 915179
ReadTaskClass(): Task 556 with 1816701000 instructions added at 915921
ReadTaskClass(): Task 557 with 3101904000 instructions added at 926376
ReadTaskClass(): Task 558 with 2414604000 instructions added at 944041
ReadTaskClass(): Task 559 with 2088962000 instructions added at 949145
ReadTaskClass(): Task 560 with 3224974000 instructions added at 952218
ReadTaskClass(): Task 561 with 3432542000 instructions added at 953963
ReadTaskClass(): Task 562 with 2363187000 instructions added at 954499
ReadTaskClass(): Task 563 with 2639755000 instructions added at 957064
ReadTaskClass(): Task 564 with 3010137000 instructions added at 957291
ReadTaskClass(): Task 565 with 1748122000 instructions added at 965153
ReadTaskClass(): Task 566 with 2296388000 instructions added at 992854
ReadTaskClass(): Task 567 with 1840929000 instructions added at 995314
ReadTaskClass(): Task 568 with 2064634000 instructions added at 996665
ReadTaskClass(): Task 569 with 3162242000 instructions added at 1007522
ReadTaskClass(): Task 570 with 1802761000 instructions added at 1010674
ReadTaskClass(): Task 571 with 2579966000 instructions added at 1013291
ReadTaskClass(): Task 572 with 1832107000 instructions added at 1015249
ReadTaskClass(): Task 573 with 3494132000 instructions added at 1020916
ReadTaskClass(): Task 574 with 2713825000 instructions added at 1021901
ReadTaskClass(): Task 575 with 2100710000 instructions added at 1025800
ReadTaskClass(): Task 576 with 2175105000 instructions added at 1026612
ReadTaskClass(): Task 577 with 2460716000 instructions added at 1026812
ReadTaskClass(): Task 578 with 2979661000 instructions added at 1028480
ReadTaskClass(): Task 579 with 2281137000 instructions added at 1041608
ReadTaskClass(): Task 580 with 3446317000 instructions added at 1048011
ReadTaskClass(): Task 581 with 1815346000 instructions added at 1051208
ReadTaskClass(): Task 582 with 2566413000 instructions added at 1053771
ReadTaskClass(): Task 583 with 2609212000 instructions added at 1056820
ReadTaskClass(): Task 584 with 2478843000 instructions added at 1064254
ReadTaskClass(): Task 585 with 2167917000 instructions added at 1064712
ReadTaskClass(): Task 586 with 2247696000 instructions added at 1067088
ReadTaskClass(): Task 587 with 2307561000 instructions added at 1069170
ReadTaskClass(): Task 588 with 2424488000 instructions added at 1077962
ReadTaskClass(): Task 589 with 1939768000 instructions added at 1081556
ReadTaskClass(): Task 590 with 3465098000 instructions added at 1084083
ReadTaskClass(): Task 591 with 1845623000 instructions added at 1090106
ReadTaskClass(): Task 592 with 2781891000 instructions added at 1093491
ReadTaskClass(): Task 593 with 2418821000 instructions added at 1098220
ReadTaskClass(): Task 594 with 2595418000 instructions added at 1099924
ReadTaskClass(): Task 595 with 2964332000 instructions added at 1107659
ReadTaskClass(): Task 596 with 2205919000 instructions added at 1115166
ReadTaskClass(): Task 597 with 2161546000 instructions added at 1115575
ReadTaskClass(): Task 598 with 3443263000 instructions added at 1115783
ReadTaskClass(): Task 599 with 3138590000 instructions added at 1116331
ReadTaskClass(): Task 600 with 3462943000 instructions added at 1117887
ReadTaskClass(): Task 601 with 2090440000 instructions added at 1119854
ReadTaskClass(): Task 602 with 2000280000 instructions added at 1122365
ReadTaskClass(): Task 603 with 2455008000 instructions added at 1126784
ReadTaskClass(): Task 604 with 3481342000 instructions added at 1128671
ReadTaskClass(): Task 605 with 2649104000 instructions added at 1133728
ReadTaskClass(): Task 606 with 3400845000 instructions added at 1135321
ReadTaskClass(): Task 607 with 3380173000 instructions added at 1135804
ReadTaskClass(): Task 608 with 2153941000 instructions added at 1138211
ReadTaskClass(): Task 609 with 3351391000 instructions added at 1138727
ReadTaskClass(): Task 610 with 2041625000 instructions added at 1140319
ReadTaskClass(): Task 611 with 3205918000 instructions added at 1145996
ReadTaskClass(): Task 612 with 3055264000 instructions added at 1163042
ReadTaskClass(): Task 613 with 2476711000 instructions added at 1165668
ReadTaskClass(): Task 614 with 2903734000 instructions added at 1168456
ReadTaskClass(): Task 615 with 1877138000 instructions added at 1172938
ReadTaskClass(): Task 616 with 2873827000 instructions added at 1174892
ReadTaskClass(): Task 617 with 3452136000 instructions added at 1180585
ReadTaskClass(): Task 618 with 2224844000 instructions added at 1192831
ReadTaskClass(): Task 619 with 2131420000 instructions added at 1203142
ReadTaskClass(): Task 620 with 2415432000 instructions added at 1206574
ReadTaskClass(): Task 621 with 2770348000 instructions added at 1206916
ReadTaskClass(): Task 622 with 1756811000 instructions added at 1211197
ReadTaskClass(): Task 623 with 2091783000 instructions added at 1212868
ReadTaskClass(): Task 624 with 3434026000 instructions added at 1220154
ReadTaskClass(): Task 625 with 3070204000 instructions added at 1222381
ReadTaskClass(): Task 626 with 3080719000 instructions added at 1222777
ReadTaskClass(): Task 627 with 2286349000 instructions added at 1222976
ReadTaskClass(): Task 628 with 2939628000 instructions added at 1226742
ReadTaskClass(): Task 629 with 3378807000 instructions added at 1235098
ReadTaskClass(): Task 630 with 2878849000 instructions added at 1236759
ReadTaskClass(): Task 631 with 3394157000 instructions added at 1242092
ReadTaskClass(): Task 632 with 2541699000 instructions added at 1243153
ReadTaskClass(): Task 633 with 2930232000 instructions added at 1243294
ReadTaskClass(): Task 634 with 1801332000 instructions added at 1248119
ReadTaskClass(): Task 635 with 1803729000 instructions added at 1250081
ReadTaskClass(): Task 636 with 2874612000 instructions added at 1252722
ReadTaskClass(): Task 637 with 1870830000 instructions added at 1261283
ReadTaskClass(): Task 638 with 3052117000 instructions added at 1264436
ReadTaskClass(): Task 639 with 2084426000 instructions added at 1264644
ReadTaskClass(): Task 640 with 3460308000 instructions added at 1266869
ReadTaskClass(): Task 641 with 2280289000 instructions added at 1271634
ReadTaskClass(): Task 642 with 1791159000 instructions added at 1273171
ReadTaskClass(): Task 643 with 2971494000 instructions added at 1273284
ReadTaskClass(): Task 644 with 3445444000 instructions added at 1276268
ReadTaskClass(): Task 645 with 1818315000 instructions added at 1281670
ReadTaskClass(): Task 646 with 3003060000 instructions added at 1297270
ReadTaskClass(): Task 647 with 1964792000 instructions added at 1309295
ReadTaskClass(): Task 648 with 3154033000 instructions added at 1313066
ReadTaskClass(): Task 649 with 2041464000 instructions added at 1334721
ReadTaskClass(): Task 650 with 2061366000 instructions added at 1343410
ReadTaskClass(): Task 651 with 1861607000 instructions added at 1348001
ReadTaskClass(): Task 652 with 3375335000 instructions added at 1354563
ReadTaskClass(): Task 653 with 3215566000 instructions added at 1360088
ReadTaskClass(): Task 654 with 2589183000 instructions added at 1369615
ReadTaskClass(): Task 655 with 2796361000 instructions added at 1376585
ReadTaskClass(): Task 656 with 2740874000 instructions added at 1377139
ReadTaskClass(): Task 657 with 2145328000 instructions added at 1377908
ReadTaskClass(): Task 658 with 2802021000 instructions added at 1379625
ReadTaskClass(): Task 659 with 1996096000 instructions added at 1388278
ReadTaskClass(): Task 660 with 2001736000 instructions added at 1389133
ReadTaskClass(): Task 661 with 3118135000 instructions added at 1394599
ReadTaskClass(): Task 662 with 3387868000 instructions added at 1399402
ReadTaskClass(): Task 663 with 2651261000 instructions added at 1401368
ReadTaskClass(): Reading task descriptor
ReadTaskClass(): Task 664 with 3281428000 instructions added at 101642
ReadTaskClass(): Task 665 with 4095579000 instructions added at 107268
ReadTaskClass(): Task 666 with 4206200000 instructions added at 109326
ReadTaskClass(): Task 667 with 1359563704 instructions added at 112963
ReadTaskClass(): Task 668 with 961275704 instructions added at 134046
ReadTaskClass(): Task 669 with 443459704 instructions added at 150320
ReadTaskClass(): Task 670 with 630916704 instructions added at 152251
ReadTaskClass(): Task 671 with 222479704 instructions added at 155695
ReadTaskClass(): Task 672 with 196905704 instructions added at 155905
ReadTaskClass(): Task 673 with 226748704 instructions added at 159696
ReadTaskClass(): Task 674 with 3551877000 instructions added at 161476
ReadTaskClass(): Task 675 with 2954314000 instructions added at 173381
ReadTaskClass(): Task 676 with 1336267704 instructions added at 176764
ReadTaskClass(): Task 677 with 326999704 instructions added at 188000
ReadTaskClass(): Task 678 with 3941307000 instructions added at 201431
ReadTaskClass(): Task 679 with 3389634000 instructions added at 212587
ReadTaskClass(): Task 680 with 2878913000 instructions added at 217030
ReadTaskClass(): Task 681 with 4278620000 instructions added at 229608
ReadTaskClass(): Task 682 with 1112420704 instructions added at 241733
ReadTaskClass(): Task 683 with 3960327000 instructions added at 242180
ReadTaskClass(): Task 684 with 318352704 instructions added at 249358
ReadTaskClass(): Task 685 with 833747704 instructions added at 254150
ReadTaskClass(): Task 686 with 4078558000 instructions added at 255849
ReadTaskClass(): Task 687 with 3500365000 instructions added at 260680
ReadTaskClass(): Task 688 with 3409980000 instructions added at 262103
ReadTaskClass(): Task 689 with 3004797000 instructions added at 264166
ReadTaskClass(): Task 690 with 3296027000 instructions added at 271531
ReadTaskClass(): Task 691 with 514044704 instructions added at 271879
ReadTaskClass(): Task 692 with 669860704 instructions added at 275999
ReadTaskClass(): Task 693 with 3511639000 instructions added at 278535
ReadTaskClass(): Task 694 with 3305816000 instructions added at 294317
ReadTaskClass(): Task 695 with 893708704 instructions added at 297203
ReadTaskClass(): Task 696 with 3519294000 instructions added at 309527
ReadTaskClass(): Task 697 with 3223923000 instructions added at 315658
ReadTaskClass(): Task 698 with 223030704 instructions added at 318892
ReadTaskClass(): Task 699 with 3061798000 instructions added at 327067
ReadTaskClass(): Task 700 with 3412453000 instructions added at 331298
ReadTaskClass(): Task 701 with 3837545000 instructions added at 335030
ReadTaskClass(): Task 702 with 707570704 instructions added at 336980
ReadTaskClass(): Task 703 with 3728870000 instructions added at 345141
ReadTaskClass(): Task 704 with 130840704 instructions added at 350128
ReadTaskClass(): Task 705 with 694711704 instructions added at 357502
ReadTaskClass(): Task 706 with 1197791704 instructions added at 358309
ReadTaskClass(): Task 707 with 943440704 instructions added at 360567
ReadTaskClass(): Task 708 with 1168437704 instructions added at 366095
ReadTaskClass(): Task 709 with 4251913000 instructions added at 369495
ReadTaskClass(): Task 710 with 3488999000 instructions added at 369751
ReadTaskClass(): Task 711 with 1345307704 instructions added at 370660
ReadTaskClass(): Task 712 with 3542852000 instructions added at 371238
ReadTaskClass(): Task 713 with 3137730000 instructions added at 376939
ReadTaskClass(): Task 714 with 799241704 instructions added at 387496
ReadTaskClass(): Task 715 with 426676704 instructions added at 392414
ReadTaskClass(): Task 716 with 3387242000 instructions added at 392659
ReadTaskClass(): Task 717 with 3341336000 instructions added at 409103
ReadTaskClass(): Task 718 with 2824809000 instructions added at 413134
ReadTaskClass(): Task 719 with 3918547000 instructions added at 423204
ReadTaskClass(): Task 720 with 4055057000 instructions added at 424232
ReadTaskClass(): Task 721 with 1245928704 instructions added at 424937
ReadTaskClass(): Task 722 with 1008559704 instructions added at 425677
ReadTaskClass(): Task 723 with 3181932000 instructions added at 431912
ReadTaskClass(): Task 724 with 495232704 instructions added at 433447
ReadTaskClass(): Task 725 with 1301765704 instructions added at 435142
ReadTaskClass(): Task 726 with 2822570000 instructions added at 437332
ReadTaskClass(): Task 727 with 3009247000 instructions added at 445404
ReadTaskClass(): Task 728 with 516346704 instructions added at 446280
ReadTaskClass(): Task 729 with 4152593000 instructions added at 447445
ReadTaskClass(): Task 730 with 1092660704 instructions added at 453314
ReadTaskClass(): Task 731 with 3665588000 instructions added at 456935
ReadTaskClass(): Task 732 with 3545873000 instructions added at 471455
ReadTaskClass(): Task 733 with 3290191000 instructions added at 482886
ReadTaskClass(): Task 734 with 3999944000 instructions added at 484664
ReadTaskClass(): Task 735 with 3316104000 instructions added at 489344
ReadTaskClass(): Task 736 with 604280704 instructions added at 491546
ReadTaskClass(): Task 737 with 162145704 instructions added at 492069
ReadTaskClass(): Task 738 with 1211284704 instructions added at 495992
ReadTaskClass(): Task 739 with 3042783000 instructions added at 496448
ReadTaskClass(): Task 740 with 1064271704 instructions added at 506137
ReadTaskClass(): Task 741 with 850412704 instructions added at 511213
ReadTaskClass(): Task 742 with 302880704 instructions added at 512568
ReadTaskClass(): Task 743 with 827985704 instructions added at 516009
ReadTaskClass(): Task 744 with 955488704 instructions added at 520537
ReadTaskClass(): Task 745 with 1094646704 instructions added at 531460
ReadTaskClass(): Task 746 with 184260704 instructions added at 533569
ReadTaskClass(): Task 747 with 3146635000 instructions added at 534606
ReadTaskClass(): Task 748 with 3239848000 instructions added at 538815
ReadTaskClass(): Task 749 with 1354829704 instructions added at 544236
ReadTaskClass(): Task 750 with 3484472000 instructions added at 550944
ReadTaskClass(): Task 751 with 960327704 instructions added at 557087
ReadTaskClass(): Task 752 with 3286385000 instructions added at 565274
ReadTaskClass(): Task 753 with 136838704 instructions added at 575677
ReadTaskClass(): Task 754 with 21847704 instructions added at 579931
ReadTaskClass(): Task 755 with 411291704 instructions added at 580772
ReadTaskClass(): Task 756 with 1308759704 instructions added at 585357
ReadTaskClass(): Task 757 with 755650704 instructions added at 587512
ReadTaskClass(): Task 758 with 634419704 instructions added at 595367
ReadTaskClass(): Task 759 with 3545258000 instructions added at 598401
ReadTaskClass(): Task 760 with 3885156000 instructions added at 600277
ReadTaskClass(): Task 761 with 1295588704 instructions added at 607525
ReadTaskClass(): Task 762 with 3030666000 instructions added at 609282
ReadTaskClass(): Task 763 with 3983612000 instructions added at 616285
ReadTaskClass(): Task 764 with 53119704 instructions added at 631533
ReadTaskClass(): Task 765 with 821932704 instructions added at 638095
ReadTaskClass(): Task 766 with 215567704 instructions added at 654705
ReadTaskClass(): Task 767 with 2934731000 instructions added at 661006
ReadTaskClass(): Task 768 with 1150931704 instructions added at 664539
ReadTaskClass(): Task 769 with 4013487000 instructions added at 681265
ReadTaskClass(): Task 770 with 3184958000 instructions added at 681276
ReadTaskClass(): Task 771 with 3256293000 instructions added at 684684
ReadTaskClass(): Task 772 with 1089132704 instructions added at 695920
ReadTaskClass(): Task 773 with 181146704 instructions added at 713483
ReadTaskClass(): Task 774 with 199966704 instructions added at 714051
ReadTaskClass(): Task 775 with 338030704 instructions added at 717917
ReadTaskClass(): Task 776 with 926177704 instructions added at 719324
ReadTaskClass(): Task 777 with 1291424704 instructions added at 731882
ReadTaskClass(): Task 778 with 1286296704 instructions added at 748560
ReadTaskClass(): Task 779 with 1325334704 instructions added at 748927
ReadTaskClass(): Task 780 with 410148704 instructions added at 758802
ReadTaskClass(): Task 781 with 3980327000 instructions added at 768017
ReadTaskClass(): Task 782 with 3349533000 instructions added at 778065
ReadTaskClass(): Task 783 with 4076644000 instructions added at 799479
ReadTaskClass(): Task 784 with 3823768000 instructions added at 802958
ReadTaskClass(): Task 785 with 3742658000 instructions added at 803504
ReadTaskClass(): Task 786 with 896235704 instructions added at 812403
ReadTaskClass(): Task 787 with 2785588000 instructions added at 821634
ReadTaskClass(): Task 788 with 3261828000 instructions added at 835638
ReadTaskClass(): Task 789 with 658510704 instructions added at 836338
ReadTaskClass(): Task 790 with 3177328000 instructions added at 840308
ReadTaskClass(): Task 791 with 105628704 instructions added at 841351
ReadTaskClass(): Task 792 with 407606704 instructions added at 851253
ReadTaskClass(): Task 793 with 873864704 instructions added at 854445
ReadTaskClass(): Task 794 with 3521661000 instructions added at 854823
ReadTaskClass(): Task 795 with 3448707000 instructions added at 856986
ReadTaskClass(): Task 796 with 3848449000 instructions added at 861521
ReadTaskClass(): Task 797 with 660113704 instructions added at 864011
ReadTaskClass(): Task 798 with 3561661000 instructions added at 867729
ReadTaskClass(): Task 799 with 4192321000 instructions added at 871429
ReadTaskClass(): Task 800 with 3434530000 instructions added at 872343
ReadTaskClass(): Task 801 with 199413704 instructions added at 877422
ReadTaskClass(): Task 802 with 3076371000 instructions added at 882290
ReadTaskClass(): Task 803 with 307085704 instructions added at 894379
ReadTaskClass(): Task 804 with 875811704 instructions added at 896481
ReadTaskClass(): Task 805 with 125816704 instructions added at 901307
ReadTaskClass(): Task 806 with 169704 instructions added at 909091
ReadTaskClass(): Task 807 with 27531704 instructions added at 909106
ReadTaskClass(): Task 808 with 3574413000 instructions added at 910070
ReadTaskClass(): Task 809 with 230883704 instructions added at 912551
ReadTaskClass(): Task 810 with 946806704 instructions added at 912782
ReadTaskClass(): Task 811 with 3587760000 instructions added at 915310
ReadTaskClass(): Task 812 with 4284119000 instructions added at 922699
ReadTaskClass(): Task 813 with 3399348000 instructions added at 923248
ReadTaskClass(): Task 814 with 1141125704 instructions added at 926584
ReadTaskClass(): Task 815 with 876437704 instructions added at 930754
ReadTaskClass(): Task 816 with 1167982704 instructions added at 934532
ReadTaskClass(): Task 817 with 3522066000 instructions added at 938661
ReadTaskClass(): Task 818 with 376400704 instructions added at 940551
ReadTaskClass(): Task 819 with 3136064000 instructions added at 941732
ReadTaskClass(): Task 820 with 584732704 instructions added at 949189
ReadTaskClass(): Task 821 with 2966288000 instructions added at 951856
ReadTaskClass(): Task 822 with 3087110000 instructions added at 958073
ReadTaskClass(): Task 823 with 4281500000 instructions added at 960284
ReadTaskClass(): Task 824 with 26899704 instructions added at 963396
ReadTaskClass(): Task 825 with 1152240704 instructions added at 964408
ReadTaskClass(): Task 826 with 4232921000 instructions added at 977833
ReadTaskClass(): Task 827 with 366947704 instructions added at 993241
ReadTaskClass(): Task 828 with 3683057000 instructions added at 993306
ReadTaskClass(): Task 829 with 12429704 instructions added at 993544
ReadTaskClass(): Task 830 with 2754723000 instructions added at 997292
ReadTaskClass(): Task 831 with 3151144000 instructions added at 998165
ReadTaskClass(): Task 832 with 724138704 instructions added at 1002494
ReadTaskClass(): Task 833 with 3568432000 instructions added at 1004383
ReadTaskClass(): Task 834 with 3210204000 instructions added at 1007582
ReadTaskClass(): Task 835 with 3791751000 instructions added at 1009254
ReadTaskClass(): Task 836 with 582909704 instructions added at 1010271
ReadTaskClass(): Task 837 with 148969704 instructions added at 1010520
ReadTaskClass(): Task 838 with 273327704 instructions added at 1013403
ReadTaskClass(): Task 839 with 1300927704 instructions added at 1027634
ReadTaskClass(): Task 840 with 3533288000 instructions added at 1028471
ReadTaskClass(): Task 841 with 1285697704 instructions added at 1030090
ReadTaskClass(): Task 842 with 3920518000 instructions added at 1036704
ReadTaskClass(): Task 843 with 3356129000 instructions added at 1039291
ReadTaskClass(): Task 844 with 787245704 instructions added at 1042049
ReadTaskClass(): Task 845 with 4256988000 instructions added at 1044173
ReadTaskClass(): Task 846 with 3951278000 instructions added at 1047710
ReadTaskClass(): Task 847 with 223139704 instructions added at 1050578
ReadTaskClass(): Task 848 with 3790901000 instructions added at 1055257
ReadTaskClass(): Task 849 with 3076396000 instructions added at 1057759
ReadTaskClass(): Task 850 with 3939837000 instructions added at 1075605
ReadTaskClass(): Task 851 with 484157704 instructions added at 1075787
ReadTaskClass(): Task 852 with 1044461704 instructions added at 1084773
ReadTaskClass(): Task 853 with 1017753704 instructions added at 1090959
ReadTaskClass(): Task 854 with 3811287000 instructions added at 1093196
ReadTaskClass(): Task 855 with 932882704 instructions added at 1101641
ReadTaskClass(): Task 856 with 3797820000 instructions added at 1103978
ReadTaskClass(): Task 857 with 3714031000 instructions added at 1109416
ReadTaskClass(): Task 858 with 542627704 instructions added at 1123182
ReadTaskClass(): Task 859 with 1351460704 instructions added at 1127174
ReadTaskClass(): Task 860 with 2849334000 instructions added at 1129377
ReadTaskClass(): Task 861 with 431495704 instructions added at 1129949
ReadTaskClass(): Task 862 with 1116944704 instructions added at 1130160
ReadTaskClass(): Task 863 with 3836053000 instructions added at 1131489
ReadTaskClass(): Task 864 with 4018126000 instructions added at 1131699
ReadTaskClass(): Task 865 with 3333741000 instructions added at 1137898
ReadTaskClass(): Task 866 with 2948355000 instructions added at 1142725
ReadTaskClass(): Task 867 with 2912618000 instructions added at 1147057
ReadTaskClass(): Task 868 with 959892704 instructions added at 1153761
ReadTaskClass(): Task 869 with 3550792000 instructions added at 1155496
ReadTaskClass(): Task 870 with 1168891704 instructions added at 1155676
ReadTaskClass(): Task 871 with 3913763000 instructions added at 1164556
ReadTaskClass(): Task 872 with 1268164704 instructions added at 1183043
ReadTaskClass(): Task 873 with 1224406704 instructions added at 1185437
ReadTaskClass(): Task 874 with 319915704 instructions added at 1187433
ReadTaskClass(): Task 875 with 1159813704 instructions added at 1187476
ReadTaskClass(): Task 876 with 2990018000 instructions added at 1190962
ReadTaskClass(): Task 877 with 2921345000 instructions added at 1200470
Init(): Found 878 tasks
Init(): Found 26 machines
Init(): About to initialize scheduler
Scheduler::Init(): Initializing scheduler
Scheduler::Init(): Using ConsolidationSleep policy
Init(): Starting simulation
Simulate(): There are 879 events in the simulator
