Init(): About to read input file
ReadMachineClass(): Reading machine descriptor
ReadTaskClass(): Reading task descriptor
ReadTaskClass(): Task 0 with 2395592000 instructions added at 60801
ReadTaskClass(): Task 1 with 1268419000 instructions added at 67214
ReadTaskClass(): Task 2 with 2146511000 instructions added at 67674
ReadTaskClass(): Task 3 with 1565192000 instructions added at 69451
ReadTaskClass(): Task 4 with 1770702000 instructions added at 72073
ReadTaskClass(): Task 5 with 2253571000 instructions added at 72370
ReadTaskClass(): Task 6 with 2255647000 instructions added at 80602
ReadTaskClass(): Task 7 with 1192014000 instructions added at 81177
ReadTaskClass(): Task 8 with 2079610000 instructions added at 82803
ReadTaskClass(): Task 9 with 1932663000 instructions added at 89013
ReadTaskClass(): Task 10 with 1953559000 instructions added at 89910
ReadTaskClass(): Task 11 with 1607852000 instructions added at 91823
ReadTaskClass(): Task 12 with 1871921000 instructions added at 93676
ReadTaskClass(): Task 13 with 1705202000 instructions added at 99057
ReadTaskClass(): Task 14 with 1199222000 instructions added at 102482
ReadTaskClass(): Task 15 with 1345477000 instructions added at 106919
ReadTaskClass(): Task 16 with 2323008000 instructions added at 107402
ReadTaskClass(): Task 17 with 1841798000 instructions added at 113583
ReadTaskClass(): Task 18 with 1579040000 instructions added at 115218
ReadTaskClass(): Task 19 with 1484603000 instructions added at 122679
ReadTaskClass(): Task 20 with 1676293000 instructions added at 124285
ReadTaskClass(): Task 21 with 1876092000 instructions added at 125676
ReadTaskClass(): Task 22 with 2273173000 instructions added at 128065
ReadTaskClass(): Task 23 with 2410220000 instructions added at 132801
ReadTaskClass(): Task 24 with 2369846000 instructions added at 134462
ReadTaskClass(): Task 25 with 1386968000 instructions added at 135374
ReadTaskClass(): Task 26 with 2062917000 instructions added at 138374
ReadTaskClass(): Task 27 with 2375677000 instructions added at 139091
ReadTaskClass(): Task 28 with 1298073000 instructions added at 141448
ReadTaskClass(): Task 29 with 2233418000 instructions added at 142256
ReadTaskClass(): Task 30 with 1866495000 instructions added at 142707
ReadTaskClass(): Task 31 with 2058793000 instructions added at 146273
ReadTaskClass(): Task 32 with 1222567000 instructions added at 148038
ReadTaskClass(): Task 33 with 2084204000 instructions added at 148200
ReadTaskClass(): Task 34 with 2094384000 instructions added at 151484
ReadTaskClass(): Task 35 with 1839947000 instructions added at 151616
ReadTaskClass(): Task 36 with 2392546000 instructions added at 154241
ReadTaskClass(): Task 37 with 2005824000 instructions added at 158199
ReadTaskClass(): Task 38 with 1786967000 instructions added at 161369
ReadTaskClass(): Task 39 with 1658351000 instructions added at 163889
ReadTaskClass(): Task 40 with 2103371000 instructions added at 163904
ReadTaskClass(): Task 41 with 1234314000 instructions added at 164556
ReadTaskClass(): Task 42 with 1211757000 instructions added at 167698
ReadTaskClass(): Task 43 with 1208554000 instructions added at 169071
ReadTaskClass(): Task 44 with 2021222000 instructions added at 170995
ReadTaskClass(): Task 45 with 1384732000 instructions added at 171100
ReadTaskClass(): Task 46 with 1176815000 instructions added at 175397
ReadTaskClass(): Task 47 with 1639339000 instructions added at 175408
ReadTaskClass(): Task 48 with 2383474000 instructions added at 175578
ReadTaskClass(): Task 49 with 2310073000 instructions added at 176858
ReadTaskClass(): Task 50 with 1268160000 instructions added at 177854
ReadTaskClass(): Task 51 with 1643198000 instructions added at 178503
ReadTaskClass(): Task 52 with 1522577000 instructions added at 180742
ReadTaskClass(): Task 53 with 1603042000 instructions added at 182909
ReadTaskClass(): Task 54 with 2261944000 instructions added at 183262
ReadTaskClass(): Task 55 with 1785184000 instructions added at 183651
ReadTaskClass(): Task 56 with 1624744000 instructions added at 190260
ReadTaskClass(): Task 57 with 2355638000 instructions added at 191385
ReadTaskClass(): Task 58 with 1865054000 instructions added at 199261
ReadTaskClass(): Task 59 with 2021716000 instructions added at 200608
ReadTaskClass(): Task 60 with 2187810000 instructions added at 200866
ReadTaskClass(): Task 61 with 1286149000 instructions added at 205864
ReadTaskClass(): Task 62 with 1566134000 instructions added at 207550
ReadTaskClass(): Task 63 with 1935811000 instructions added at 213381
ReadTaskClass(): Task 64 with 2077125000 instructions added at 214943
ReadTaskClass(): Task 65 with 1389343000 instructions added at 217100
ReadTaskClass(): Task 66 with 2177640000 instructions added at 223560
ReadTaskClass(): Task 67 with 1989698000 instructions added at 224415
ReadTaskClass(): Task 68 with 1178883000 instructions added at 224823
ReadTaskClass(): Task 69 with 1359753000 instructions added at 226508
ReadTaskClass(): Task 70 with 1317745000 instructions added at 226546
ReadTaskClass(): Task 71 with 1506850000 instructions added at 228200
ReadTaskClass(): Task 72 with 2193459000 instructions added at 230256
ReadTaskClass(): Task 73 with 2287974000 instructions added at 238036
ReadTaskClass(): Task 74 with 2361632000 instructions added at 242166
ReadTaskClass(): Task 75 with 1265415000 instructions added at 243954
ReadTaskClass(): Task 76 with 1823082000 instructions added at 249770
ReadTaskClass(): Task 77 with 1363522000 instructions added at 253261
ReadTaskClass(): Task 78 with 1844915000 instructions added at 256402
ReadTaskClass(): Task 79 with 2163681000 instructions added at 263789
ReadTaskClass(): Task 80 with 1356241000 instructions added at 265373
ReadTaskClass(): Task 81 with 2408070000 instructions added at 268888
ReadTaskClass(): Task 82 with 2359268000 instructions added at 270031
ReadTaskClass(): Task 83 with 1753696000 instructions added at 272458
ReadTaskClass(): Task 84 with 1377683000 instructions added at 273263
ReadTaskClass(): Task 85 with 1770204000 instructions added at 273448
ReadTaskClass(): Task 86 with 1873037000 instructions added at 275960
ReadTaskClass(): Task 87 with 1589739000 instructions added at 275992
ReadTaskClass(): Task 88 with 1999836000 instructions added at 276424
ReadTaskClass(): Task 89 with 1779398000 instructions added at 277103
ReadTaskClass(): Task 90 with 1233887000 instructions added at 279647
ReadTaskClass(): Task 91 with 1686875000 instructions added at 281983
ReadTaskClass(): Task 92 with 2053637000 instructions added at 282640
ReadTaskClass(): Task 93 with 1211396000 instructions added at 285444
ReadTaskClass(): Task 94 with 1228345000 instructions added at 288159
ReadTaskClass(): Task 95 with 1661558000 instructions added at 291297
ReadTaskClass(): Task 96 with 2099048000 instructions added at 296115
ReadTaskClass(): Task 97 with 2226819000 instructions added at 301279
ReadTaskClass(): Task 98 with 1890969000 instructions added at 302822
ReadTaskClass(): Task 99 with 1918276000 instructions added at 303782
ReadTaskClass(): Task 100 with 1424833000 instructions added at 304823
ReadTaskClass(): Task 101 with 1559166000 instructions added at 306023
ReadTaskClass(): Task 102 with 1653018000 instructions added at 307904
ReadTaskClass(): Task 103 with 1682710000 instructions added at 308063
ReadTaskClass(): Task 104 with 1460241000 instructions added at 308321
ReadTaskClass(): Task 105 with 1475538000 instructions added at 319743
ReadTaskClass(): Task 106 with 1859712000 instructions added at 320884
ReadTaskClass(): Task 107 with 1918647000 instructions added at 328725
ReadTaskClass(): Task 108 with 1411911000 instructions added at 339078
ReadTaskClass(): Task 109 with 1570768000 instructions added at 341080
ReadTaskClass(): Task 110 with 1463972000 instructions added at 341273
ReadTaskClass(): Task 111 with 2400373000 instructions added at 343323
ReadTaskClass(): Task 112 with 2325201000 instructions added at 343407
ReadTaskClass(): Task 113 with 2086851000 instructions added at 344127
ReadTaskClass(): Task 114 with 1641809000 instructions added at 358711
ReadTaskClass(): Task 115 with 1563027000 instructions added at 359120
ReadTaskClass(): Task 116 with 2373853000 instructions added at 362994
ReadTaskClass(): Task 117 with 2081243000 instructions added at 363785
ReadTaskClass(): Task 118 with 1592661000 instructions added at 365233
ReadTaskClass(): Task 119 with 1626229000 instructions added at 367326
ReadTaskClass(): Task 120 with 2169471000 instructions added at 376699
ReadTaskClass(): Task 121 with 1881044000 instructions added at 383313
ReadTaskClass(): Task 122 with 1682056000 instructions added at 383823
ReadTaskClass(): Task 123 with 1657346000 instructions added at 386107
ReadTaskClass(): Task 124 with 1500780000 instructions added at 390483
ReadTaskClass(): Task 125 with 2126353000 instructions added at 390721
ReadTaskClass(): Task 126 with 1800603000 instructions added at 395951
ReadTaskClass(): Task 127 with 2144254000 instructions added at 399090
ReadTaskClass(): Task 128 with 2343390000 instructions added at 400549
ReadTaskClass(): Task 129 with 1444768000 instructions added at 401499
ReadTaskClass(): Task 130 with 1406514000 instructions added at 404158
ReadTaskClass(): Task 131 with 1548187000 instructions added at 409704
ReadTaskClass(): Task 132 with 1292374000 instructions added at 410459
ReadTaskClass(): Task 133 with 2022197000 instructions added at 411286
ReadTaskClass(): Task 134 with 2267461000 instructions added at 412299
ReadTaskClass(): Task 135 with 2376197000 instructions added at 414261
ReadTaskClass(): Task 136 with 1531882000 instructions added at 415357
ReadTaskClass(): Task 137 with 2088903000 instructions added at 419324
ReadTaskClass(): Task 138 with 1860825000 instructions added at 419725
ReadTaskClass(): Task 139 with 1234356000 instructions added at 419957
ReadTaskClass(): Task 140 with 2285561000 instructions added at 423703
ReadTaskClass(): Task 141 with 1843262000 instructions added at 423938
ReadTaskClass(): Task 142 with 1488095000 instructions added at 424013
ReadTaskClass(): Task 143 with 2020142000 instructions added at 426189
ReadTaskClass(): Task 144 with 1901955000 instructions added at 427003
ReadTaskClass(): Task 145 with 2217933000 instructions added at 429225
ReadTaskClass(): Task 146 with 2286418000 instructions added at 430276
ReadTaskClass(): Task 147 with 2358264000 instructions added at 435498
ReadTaskClass(): Task 148 with 1608501000 instructions added at 437779
ReadTaskClass(): Task 149 with 2199192000 instructions added at 437998
ReadTaskClass(): Task 150 with 1600917000 instructions added at 439772
ReadTaskClass(): Task 151 with 1854889000 instructions added at 443234
ReadTaskClass(): Task 152 with 1734632000 instructions added at 444046
ReadTaskClass(): Task 153 with 2373676000 instructions added at 445723
ReadTaskClass(): Task 154 with 2073873000 instructions added at 446073
ReadTaskClass(): Task 155 with 1413918000 instructions added at 449624
ReadTaskClass(): Task 156 with 2026373000 instructions added at 449994
ReadTaskClass(): Task 157 with 1232103000 instructions added at 454254
ReadTaskClass(): Task 158 with 1811169000 instructions added at 454502
ReadTaskClass(): Task 159 with 2098196000 instructions added at 455157
ReadTaskClass(): Task 160 with 2251576000 instructions added at 457399
ReadTaskClass(): Task 161 with 2083580000 instructions added at 459153
ReadTaskClass(): Task 162 with 2112252000 instructions added at 460695
ReadTaskClass(): Task 163 with 1194423000 instructions added at 465336
ReadTaskClass(): Task 164 with 1210774000 instructions added at 466369
ReadTaskClass(): Task 165 with 2033426000 instructions added at 469121
ReadTaskClass(): Task 166 with 1245962000 instructions added at 469731
ReadTaskClass(): Task 167 with 2156844000 instructions added at 478078
ReadTaskClass(): Task 168 with 2321413000 instructions added at 479698
ReadTaskClass(): Task 169 with 1501479000 instructions added at 480703
ReadTaskClass(): Task 170 with 2329988000 instructions added at 481042
ReadTaskClass(): Task 171 with 2204518000 instructions added at 488009
ReadTaskClass(): Task 172 with 1461098000 instructions added at 492069
ReadTaskClass(): Task 173 with 1874893000 instructions added at 494772
ReadTaskClass(): Task 174 with 1788255000 instructions added at 495160
ReadTaskClass(): Task 175 with 1692831000 instructions added at 495755
ReadTaskClass(): Task 176 with 1358937000 instructions added at 499234
ReadTaskClass(): Task 177 with 2058429000 instructions added at 506107
ReadTaskClass(): Task 178 with 1515282000 instructions added at 506417
ReadTaskClass(): Task 179 with 1656078000 instructions added at 509195
ReadTaskClass(): Task 180 with 1762789000 instructions added at 514575
ReadTaskClass(): Task 181 with 1388553000 instructions added at 518863
ReadTaskClass(): Task 182 with 1229576000 instructions added at 522453
ReadTaskClass(): Task 183 with 1517364000 instructions added at 523895
ReadTaskClass(): Task 184 with 2276560000 instructions added at 524046
ReadTaskClass(): Task 185 with 2269964000 instructions added at 524049
ReadTaskClass(): Task 186 with 2326648000 instructions added at 524494
ReadTaskClass(): Task 187 with 1747064000 instructions added at 525986
ReadTaskClass(): Task 188 with 1399821000 instructions added at 532514
ReadTaskClass(): Task 189 with 1337957000 instructions added at 532603
ReadTaskClass(): Task 190 with 1628163000 instructions added at 534306
ReadTaskClass(): Task 191 with 2060042000 instructions added at 534757
ReadTaskClass(): Task 192 with 1824324000 instructions added at 536969
ReadTaskClass(): Task 193 with 1972489000 instructions added at 540672
ReadTaskClass(): Task 194 with 2024864000 instructions added at 543345
ReadTaskClass(): Task 195 with 1836495000 instructions added at 543347
ReadTaskClass(): Task 196 with 2204821000 instructions added at 548924
ReadTaskClass(): Task 197 with 1705057000 instructions added at 550431
ReadTaskClass(): Task 198 with 2032558000 instructions added at 558078
ReadTaskClass(): Task 199 with 2129104000 instructions added at 565922
ReadTaskClass(): Task 200 with 1610430000 instructions added at 571696
ReadTaskClass(): Task 201 with 1598632000 instructions added at 574564
ReadTaskClass(): Task 202 with 1706455000 instructions added at 574572
ReadTaskClass(): Task 203 with 1294879000 instructions added at 580202
ReadTaskClass(): Task 204 with 2190500000 instructions added at 596627
ReadTaskClass(): Task 205 with 2261021000 instructions added at 600306
ReadTaskClass(): Task 206 with 1560398000 instructions added at 601149
ReadTaskClass(): Task 207 with 1509475000 instructions added at 603877
ReadTaskClass(): Task 208 with 1658882000 instructions added at 617098
ReadTaskClass(): Task 209 with 1290993000 instructions added at 619410
ReadTaskClass(): Task 210 with 1775374000 instructions added at 620948
ReadTaskClass(): Task 211 with 2125670000 instructions added at 622424
ReadTaskClass(): Task 212 with 2116162000 instructions added at 625392
ReadTaskClass(): Task 213 with 1252120000 instructions added at 626273
ReadTaskClass(): Task 214 with 1854009000 instructions added at 628200
ReadTaskClass(): Task 215 with 2239767000 instructions added at 631580
ReadTaskClass(): Task 216 with 1233008000 instructions added at 633651
ReadTaskClass(): Task 217 with 2257601000 instructions added at 634785
ReadTaskClass(): Task 218 with 1457048000 instructions added at 636863
ReadTaskClass(): Task 219 with 2192725000 instructions added at 642467
ReadTaskClass(): Task 220 with 1841521000 instructions added at 644389
ReadTaskClass(): Task 221 with 1586369000 instructions added at 651419
ReadTaskClass(): Task 222 with 1327040000 instructions added at 652668
ReadTaskClass(): Task 223 with 1293238000 instructions added at 653319
ReadTaskClass(): Task 224 with 2185560000 instructions added at 653783
ReadTaskClass(): Task 225 with 2107883000 instructions added at 657008
ReadTaskClass(): Task 226 with 2034238000 instructions added at 668346
ReadTaskClass(): Task 227 with 1421839000 instructions added at 670566
ReadTaskClass(): Task 228 with 2341550000 instructions added at 671360
ReadTaskClass(): Task 229 with 1881020000 instructions added at 674867
ReadTaskClass(): Task 230 with 1895520000 instructions added at 676953
ReadTaskClass(): Task 231 with 1185463000 instructions added at 677334
ReadTaskClass(): Task 232 with 1661424000 instructions added at 677986
ReadTaskClass(): Task 233 with 2113398000 instructions added at 678803
ReadTaskClass(): Task 234 with 1612273000 instructions added at 681077
ReadTaskClass(): Task 235 with 2270977000 instructions added at 683110
ReadTaskClass(): Task 236 with 2117407000 instructions added at 689132
ReadTaskClass(): Task 237 with 1981820000 instructions added at 689457
ReadTaskClass(): Task 238 with 2233793000 instructions added at 700952
ReadTaskClass(): Task 239 with 2119963000 instructions added at 706718
ReadTaskClass(): Task 240 with 2214471000 instructions added at 709053
ReadTaskClass(): Task 241 with 1686279000 instructions added at 709521
ReadTaskClass(): Task 242 with 1731564000 instructions added at 713198
ReadTaskClass(): Task 243 with 1335052000 instructions added at 714115
ReadTaskClass(): Task 244 with 1513063000 instructions added at 717890
ReadTaskClass(): Task 245 with 2419645000 instructions added at 719172
ReadTaskClass(): Task 246 with 1919333000 instructions added at 724546
ReadTaskClass(): Task 247 with 1908685000 instructions added at 725086
ReadTaskClass(): Task 248 with 1753210000 instructions added at 726781
ReadTaskClass(): Task 249 with 1714871000 instructions added at 726993
ReadTaskClass(): Task 250 with 1864003000 instructions added at 727119
ReadTaskClass(): Task 251 with 1809418000 instructions added at 732574
ReadTaskClass(): Task 252 with 2081263000 instructions added at 736044
ReadTaskClass(): Task 253 with 1500286000 instructions added at 736869
ReadTaskClass(): Task 254 with 1752542000 instructions added at 748556
ReadTaskClass(): Task 255 with 1500072000 instructions added at 748616
ReadTaskClass(): Task 256 with 2385380000 instructions added at 748797
ReadTaskClass(): Task 257 with 2263001000 instructions added at 759859
ReadTaskClass(): Task 258 with 2365521000 instructions added at 765275
ReadTaskClass(): Task 259 with 1795706000 instructions added at 772530
ReadTaskClass(): Task 260 with 1843694000 instructions added at 774024
ReadTaskClass(): Task 261 with 1603990000 instructions added at 782287
ReadTaskClass(): Task 262 with 2311456000 instructions added at 782843
ReadTaskClass(): Task 263 with 2176337000 instructions added at 789088
ReadTaskClass(): Task 264 with 1192414000 instructions added at 791329
ReadTaskClass(): Task 265 with 2386748000 instructions added at 792273
ReadTaskClass(): Task 266 with 1305481000 instructions added at 793158
ReadTaskClass(): Task 267 with 2367018000 instructions added at 795539
ReadTaskClass(): Task 268 with 1312078000 instructions added at 799521
ReadTaskClass(): Task 269 with 2007550000 instructions added at 801744
ReadTaskClass(): Task 270 with 1501958000 instructions added at 804055
ReadTaskClass(): Task 271 with 1870836000 instructions added at 805464
ReadTaskClass(): Task 272 with 1433985000 instructions added at 824974
ReadTaskClass(): Task 273 with 1564951000 instructions added at 828756
ReadTaskClass(): Task 274 with 2269386000 instructions added at 830835
ReadTaskClass(): Task 275 with 1958523000 instructions added at 835193
ReadTaskClass(): Task 276 with 2112999000 instructions added at 837019
ReadTaskClass(): Task 277 with 1957515000 instructions added at 840879
ReadTaskClass(): Task 278 with 1917668000 instructions added at 845455
ReadTaskClass(): Task 279 with 2293146000 instructions added at 847114
ReadTaskClass(): Task 280 with 1330795000 instructions added at 848023
ReadTaskClass(): Task 281 with 2288527000 instructions added at 848941
ReadTaskClass(): Task 282 with 1541786000 instructions added at 849009
ReadTaskClass(): Task 283 with 2217177000 instructions added at 849199
ReadTaskClass(): Task 284 with 2067747000 instructions added at 849700
ReadTaskClass(): Task 285 with 2348926000 instructions added at 855005
ReadTaskClass(): Task 286 with 2286356000 instructions added at 855842
ReadTaskClass(): Task 287 with 1380421000 instructions added at 865507
ReadTaskClass(): Task 288 with 1903325000 instructions added at 866396
ReadTaskClass(): Task 289 with 2093410000 instructions added at 867272
ReadTaskClass(): Task 290 with 2333467000 instructions added at 874006
ReadTaskClass(): Task 291 with 1257486000 instructions added at 875188
ReadTaskClass(): Task 292 with 1961595000 instructions added at 875867
ReadTaskClass(): Task 293 with 1683320000 instructions added at 880133
ReadTaskClass(): Task 294 with 2121130000 instructions added at 880666
ReadTaskClass(): Task 295 with 1594433000 instructions added at 880923
ReadTaskClass(): Task 296 with 1357996000 instructions added at 882585
ReadTaskClass(): Task 297 with 1725757000 instructions added at 882678
ReadTaskClass(): Task 298 with 1358932000 instructions added at 885705
ReadTaskClass(): Task 299 with 2176124000 instructions added at 885735
ReadTaskClass(): Task 300 with 2190944000 instructions added at 886440
ReadTaskClass(): Task 301 with 1881443000 instructions added at 892684
ReadTaskClass(): Task 302 with 2111044000 instructions added at 895567
ReadTaskClass(): Task 303 with 2164389000 instructions added at 900322
ReadTaskClass(): Task 304 with 1519445000 instructions added at 902888
ReadTaskClass(): Task 305 with 1921532000 instructions added at 905548
ReadTaskClass(): Task 306 with 1924148000 instructions added at 908464
ReadTaskClass(): Task 307 with 2271391000 instructions added at 908919
ReadTaskClass(): Task 308 with 1773687000 instructions added at 916643
ReadTaskClass(): Task 309 with 2390427000 instructions added at 922997
ReadTaskClass(): Task 310 with 1626384000 instructions added at 927473
ReadTaskClass(): Task 311 with 2120895000 instructions added at 929495
ReadTaskClass(): Task 312 with 2329728000 instructions added at 931354
ReadTaskClass(): Task 313 with 1977958000 instructions added at 936531
ReadTaskClass(): Task 314 with 1576408000 instructions added at 937115
ReadTaskClass(): Task 315 with 1833872000 instructions added at 945008
ReadTaskClass(): Task 316 with 2100607000 instructions added at 947967
ReadTaskClass(): Task 317 with 2091489000 instructions added at 949144
ReadTaskClass(): Task 318 with 1625369000 instructions added at 949144
ReadTaskClass(): Task 319 with 2214747000 instructions added at 950668
ReadTaskClass(): Task 320 with 1844671000 instructions added at 955151
ReadTaskClass(): Task 321 with 1780117000 instructions added at 966232
ReadTaskClass(): Task 322 with 1836913000 instructions added at 967421
ReadTaskClass(): Task 323 with 2205215000 instructions added at 969436
ReadTaskClass(): Task 324 with 1768174000 instructions added at 972025
ReadTaskClass(): Task 325 with 2254604000 instructions added at 972583
ReadTaskClass(): Task 326 with 1910836000 instructions added at 973480
ReadTaskClass(): Task 327 with 2007792000 instructions added at 973605
ReadTaskClass(): Task 328 with 1751764000 instructions added at 978156
ReadTaskClass(): Task 329 with 1642733000 instructions added at 979075
ReadTaskClass(): Task 330 with 1542922000 instructions added at 979269
ReadTaskClass(): Task 331 with 1876172000 instructions added at 988183
ReadTaskClass(): Task 332 with 1246380000 instructions added at 989356
ReadTaskClass(): Task 333 with 1260830000 instructions added at 1000905
ReadTaskClass(): Reading task descriptor
ReadTaskClass(): Task 334 with 1666411000 instructions added at 106252
ReadTaskClass(): Task 335 with 1586194000 instructions added at 106674
ReadTaskClass(): Task 336 with 2555532000 instructions added at 109830
ReadTaskClass(): Task 337 with 2600756000 instructions added at 110383
ReadTaskClass(): Task 338 with 2745324000 instructions added at 118328
ReadTaskClass(): Task 339 with 1834252000 instructions added at 121985
ReadTaskClass(): Task 340 with 2238538000 instructions added at 124203
ReadTaskClass(): Task 341 with 1776393000 instructions added at 124714
ReadTaskClass(): Task 342 with 2532773000 instructions added at 125205
ReadTaskClass(): Task 343 with 2584298000 instructions added at 126241
ReadTaskClass(): Task 344 with 2931441000 instructions added at 127373
ReadTaskClass(): Task 345 with 2738534000 instructions added at 127601
ReadTaskClass(): Task 346 with 1521626000 instructions added at 132475
ReadTaskClass(): Task 347 with 1799284000 instructions added at 133217
ReadTaskClass(): Task 348 with 1514243000 instructions added at 133702
ReadTaskClass(): Task 349 with 2029666000 instructions added at 141609
ReadTaskClass(): Task 350 with 2488575000 instructions added at 148117
ReadTaskClass(): Task 351 with 1661176000 instructions added at 151373
ReadTaskClass(): Task 352 with 2591518000 instructions added at 155619
ReadTaskClass(): Task 353 with 2941066000 instructions added at 168000
ReadTaskClass(): Task 354 with 2336331000 instructions added at 174152
ReadTaskClass(): Task 355 with 2635676000 instructions added at 175305
ReadTaskClass(): Task 356 with 2267729000 instructions added at 175381
ReadTaskClass(): Task 357 with 2215475000 instructions added at 184310
ReadTaskClass(): Task 358 with 2166845000 instructions added at 189937
ReadTaskClass(): Task 359 with 2879557000 instructions added at 190186
ReadTaskClass(): Task 360 with 1597974000 instructions added at 190470
ReadTaskClass(): Task 361 with 1883613000 instructions added at 191016
ReadTaskClass(): Task 362 with 2654246000 instructions added at 194998
ReadTaskClass(): Task 363 with 2992065000 instructions added at 199213
ReadTaskClass(): Task 364 with 1517122000 instructions added at 204735
ReadTaskClass(): Task 365 with 1722128000 instructions added at 225271
ReadTaskClass(): Task 366 with 2154224000 instructions added at 227357
ReadTaskClass(): Task 367 with 2844568000 instructions added at 229813
ReadTaskClass(): Task 368 with 3070517000 instructions added at 232647
ReadTaskClass(): Task 369 with 2745839000 instructions added at 236142
ReadTaskClass(): Task 370 with 2767077000 instructions added at 247902
ReadTaskClass(): Task 371 with 2407939000 instructions added at 250055
ReadTaskClass(): Task 372 with 2782499000 instructions added at 255976
ReadTaskClass(): Task 373 with 2195366000 instructions added at 265739
ReadTaskClass(): Task 374 with 2133301000 instructions added at 268473
ReadTaskClass(): Task 375 with 2995238000 instructions added at 270992
ReadTaskClass(): Task 376 with 2566195000 instructions added at 278337
ReadTaskClass(): Task 377 with 2906711000 instructions added at 282132
ReadTaskClass(): Task 378 with 2091790000 instructions added at 291058
ReadTaskClass(): Task 379 with 2797964000 instructions added at 291377
ReadTaskClass(): Task 380 with 2737743000 instructions added at 293158
ReadTaskClass(): Task 381 with 1649361000 instructions added at 294896
ReadTaskClass(): Task 382 with 1851527000 instructions added at 301544
ReadTaskClass(): Task 383 with 2456426000 instructions added at 302363
ReadTaskClass(): Task 384 with 2957213000 instructions added at 308807
ReadTaskClass(): Task 385 with 2102079000 instructions added at 311236
ReadTaskClass(): Task 386 with 2597896000 instructions added at 313503
ReadTaskClass(): Task 387 with 2131027000 instructions added at 316299
ReadTaskClass(): Task 388 with 1853351000 instructions added at 317888
ReadTaskClass(): Task 389 with 2053467000 instructions added at 319697
ReadTaskClass(): Task 390 with 2110942000 instructions added at 338337
ReadTaskClass(): Task 391 with 2061408000 instructions added at 350945
ReadTaskClass(): Task 392 with 2190386000 instructions added at 358055
ReadTaskClass(): Task 393 with 2587031000 instructions added at 358396
ReadTaskClass(): Task 394 with 2030248000 instructions added at 365481
ReadTaskClass(): Task 395 with 2909390000 instructions added at 368988
ReadTaskClass(): Task 396 with 2858930000 instructions added at 376846
ReadTaskClass(): Task 397 with 2024206000 instructions added at 377780
ReadTaskClass(): Task 398 with 3081857000 instructions added at 379624
ReadTaskClass(): Task 399 with 1597663000 instructions added at 380635
ReadTaskClass(): Task 400 with 2051397000 instructions added at 382826
ReadTaskClass(): Task 401 with 2054718000 instructions added at 385939
ReadTaskClass(): Task 402 with 2682489000 instructions added at 398659
ReadTaskClass(): Task 403 with 2994445000 instructions added at 400739
ReadTaskClass(): Task 404 with 1528184000 instructions added at 407246
ReadTaskClass(): Task 405 with 1992789000 instructions added at 418964
ReadTaskClass(): Task 406 with 2128691000 instructions added at 419000
ReadTaskClass(): Task 407 with 2480767000 instructions added at 420937
ReadTaskClass(): Task 408 with 2012724000 instructions added at 431356
ReadTaskClass(): Task 409 with 2883529000 instructions added at 437757
ReadTaskClass(): Task 410 with 2563284000 instructions added at 439203
ReadTaskClass(): Task 411 with 1649099000 instructions added at 439578
ReadTaskClass(): Task 412 with 2834258000 instructions added at 448525
ReadTaskClass(): Task 413 with 2002987000 instructions added at 451915
ReadTaskClass(): Task 414 with 2230740000 instructions added at 451997
ReadTaskClass(): Task 415 with 1559561000 instructions added at 454376
ReadTaskClass(): Task 416 with 2805771000 instructions added at 457626
ReadTaskClass(): Task 417 with 2917785000 instructions added at 460162
ReadTaskClass(): Task 418 with 2770068000 instructions added at 465846
ReadTaskClass(): Task 419 with 2632216000 instructions added at 469695
ReadTaskClass(): Task 420 with 2064414000 instructions added at 470870
ReadTaskClass(): Task 421 with 2788528000 instructions added at 473470
ReadTaskClass(): Task 422 with 2035762000 instructions added at 476735
ReadTaskClass(): Task 423 with 3006801000 instructions added at 478548
ReadTaskClass(): Task 424 with 1718087000 instructions added at 483849
ReadTaskClass(): Task 425 with 1736634000 instructions added at 487106
ReadTaskClass(): Task 426 with 2086945000 instructions added at 494373
ReadTaskClass(): Task 427 with 1761684000 instructions added at 496929
ReadTaskClass(): Task 428 with 2708602000 instructions added at 502156
ReadTaskClass(): Task 429 with 2552976000 instructions added at 502212
ReadTaskClass(): Task 430 with 2827151000 instructions added at 504767
ReadTaskClass(): Task 431 with 2310499000 instructions added at 510366
ReadTaskClass(): Task 432 with 2155388000 instructions added at 512385
ReadTaskClass(): Task 433 with 1676162000 instructions added at 512793
ReadTaskClass(): Task 434 with 2264016000 instructions added at 513579
ReadTaskClass(): Task 435 with 2510678000 instructions added at 516530
ReadTaskClass(): Task 436 with 2138031000 instructions added at 518656
ReadTaskClass(): Task 437 with 2733281000 instructions added at 523121
ReadTaskClass(): Task 438 with 1564346000 instructions added at 524512
ReadTaskClass(): Task 439 with 2361809000 instructions added at 537942
ReadTaskClass(): Task 440 with 2212589000 instructions added at 541459
ReadTaskClass(): Task 441 with 1640358000 instructions added at 542257
ReadTaskClass(): Task 442 with 1893884000 instructions added at 544478
ReadTaskClass(): Task 443 with 3042697000 instructions added at 553166
ReadTaskClass(): Task 444 with 3050702000 instructions added at 554511
ReadTaskClass(): Task 445 with 2799320000 instructions added at 558628
ReadTaskClass(): Task 446 with 2872832000 instructions added at 560302
ReadTaskClass(): Task 447 with 2776621000 instructions added at 560743
ReadTaskClass(): Task 448 with 2407766000 instructions added at 563911
ReadTaskClass(): Task 449 with 2599309000 instructions added at 564742
ReadTaskClass(): Task 450 with 2251500000 instructions added at 565163
ReadTaskClass(): Task 451 with 2704392000 instructions added at 565402
ReadTaskClass(): Task 452 with 2595188000 instructions added at 567369
ReadTaskClass(): Task 453 with 2118434000 instructions added at 568656
ReadTaskClass(): Task 454 with 1612273000 instructions added at 576685
ReadTaskClass(): Task 455 with 1947670000 instructions added at 582485
ReadTaskClass(): Task 456 with 2113628000 instructions added at 588037
ReadTaskClass(): Task 457 with 2580867000 instructions added at 605015
ReadTaskClass(): Task 458 with 1931564000 instructions added at 610915
ReadTaskClass(): Task 459 with 2972677000 instructions added at 624593
ReadTaskClass(): Task 460 with 2705624000 instructions added at 626738
ReadTaskClass(): Task 461 with 2216581000 instructions added at 628500
ReadTaskClass(): Task 462 with 1975171000 instructions added at 637096
ReadTaskClass(): Task 463 with 1582257000 instructions added at 654242
ReadTaskClass(): Task 464 with 2843066000 instructions added at 656843
ReadTaskClass(): Task 465 with 1727134000 instructions added at 660376
ReadTaskClass(): Task 466 with 2772832000 instructions added at 670392
ReadTaskClass(): Task 467 with 2923267000 instructions added at 673228
ReadTaskClass(): Task 468 with 1776052000 instructions added at 673797
ReadTaskClass(): Task 469 with 1559186000 instructions added at 674932
ReadTaskClass(): Task 470 with 1571077000 instructions added at 676779
ReadTaskClass(): Task 471 with 2718779000 instructions added at 693427
ReadTaskClass(): Task 472 with 2043875000 instructions added at 695874
ReadTaskClass(): Task 473 with 2050773000 instructions added at 705908
ReadTaskClass(): Task 474 with 2404780000 instructions added at 709314
ReadTaskClass(): Task 475 with 1619478000 instructions added at 716121
ReadTaskClass(): Task 476 with 2428591000 instructions added at 716814
ReadTaskClass(): Task 477 with 2140530000 instructions added at 719614
ReadTaskClass(): Task 478 with 2612195000 instructions added at 725706
ReadTaskClass(): Task 479 with 2258199000 instructions added at 736569
ReadTaskClass(): Task 480 with 1737941000 instructions added at 742054
ReadTaskClass(): Task 481 with 2232426000 instructions added at 748331
ReadTaskClass(): Task 482 with 2185337000 instructions added at 754456
ReadTaskClass(): Task 483 with 2897263000 instructions added at 759325
ReadTaskClass(): Task 484 with 2297226000 instructions added at 759752
ReadTaskClass(): Task 485 with 2419785000 instructions added at 763879
ReadTaskClass(): Task 486 with 1566461000 instructions added at 765889
ReadTaskClass(): Task 487 with 1675951000 instructions added at 778210
ReadTaskClass(): Task 488 with 2602006000 instructions added at 780014
ReadTaskClass(): Task 489 with 1528745000 instructions added at 782361
ReadTaskClass(): Task 490 with 2855439000 instructions added at 786030
ReadTaskClass(): Task 491 with 2095331000 instructions added at 788098
ReadTaskClass(): Task 492 with 1883478000 instructions added at 791413
ReadTaskClass(): Task 493 with 2203351000 instructions added at 791954
ReadTaskClass(): Task 494 with 2328170000 instructions added at 793219
ReadTaskClass(): Task 495 with 2425414000 instructions added at 796676
ReadTaskClass(): Task 496 with 1610919000 instructions added at 797955
ReadTaskClass(): Task 497 with 2019355000 instructions added at 806107
ReadTaskClass(): Task 498 with 2772719000 instructions added at 806395
ReadTaskClass(): Task 499 with 2143835000 instructions added at 814336
ReadTaskClass(): Task 500 with 1573314000 instructions added at 815895
ReadTaskClass(): Task 501 with 1845373000 instructions added at 816116
ReadTaskClass(): Task 502 with 2474536000 instructions added at 816554
ReadTaskClass(): Task 503 with 1828546000 instructions added at 823889
ReadTaskClass(): Task 504 with 1978987000 instructions added at 828703
ReadTaskClass(): Task 505 with 2836891000 instructions added at 832235
ReadTaskClass(): Task 506 with 2986281000 instructions added at 833608
ReadTaskClass(): Task 507 with 1773234000 instructions added at 841204
ReadTaskClass(): Task 508 with 1982467000 instructions added at 841481
ReadTaskClass(): Task 509 with 2578573000 instructions added at 848293
ReadTaskClass(): Task 510 with 2042219000 instructions added at 848872
ReadTaskClass(): Task 511 with 1516679000 instructions added at 852053
ReadTaskClass(): Task 512 with 2190243000 instructions added at 855457
ReadTaskClass(): Task 513 with 1953903000 instructions added at 855897
ReadTaskClass(): Task 514 with 2516169000 instructions added at 856809
ReadTaskClass(): Task 515 with 2553133000 instructions added at 873302
ReadTaskClass(): Task 516 with 2179084000 instructions added at 884394
ReadTaskClass(): Task 517 with 1750894000 instructions added at 895456
ReadTaskClass(): Task 518 with 2882860000 instructions added at 903580
ReadTaskClass(): Task 519 with 2955840000 instructions added at 909783
ReadTaskClass(): Task 520 with 2277051000 instructions added at 909999
ReadTaskClass(): Task 521 with 1952043000 instructions added at 910916
ReadTaskClass(): Task 522 with 1870826000 instructions added at 913273
ReadTaskClass(): Task 523 with 2558079000 instructions added at 919599
ReadTaskClass(): Task 524 with 2153074000 instructions added at 920038
ReadTaskClass(): Task 525 with 2076616000 instructions added at 923876
ReadTaskClass(): Task 526 with 1839628000 instructions added at 925102
ReadTaskClass(): Task 527 with 1505922000 instructions added at 933358
ReadTaskClass(): Task 528 with 2358389000 instructions added at 938085
ReadTaskClass(): Task 529 with 2398465000 instructions added at 942541
ReadTaskClass(): Task 530 with 1545447000 instructions added at 942741
ReadTaskClass(): Task 531 with 2855053000 instructions added at 943948
ReadTaskClass(): Task 532 with 3093132000 instructions added at 944993
ReadTaskClass(): Task 533 with 2640199000 instructions added at 945005
ReadTaskClass(): Task 534 with 2119984000 instructions added at 945966
ReadTaskClass(): Task 535 with 2807789000 instructions added at 948572
ReadTaskClass(): Task 536 with 2010319000 instructions added at 948628
ReadTaskClass(): Task 537 with 1974831000 instructions added at 948851
ReadTaskClass(): Task 538 with 1567992000 instructions added at 955501
ReadTaskClass(): Task 539 with 1877808000 instructions added at 961334
ReadTaskClass(): Task 540 with 1959894000 instructions added at 963018
ReadTaskClass(): Task 541 with 2953770000 instructions added at 970709
ReadTaskClass(): Task 542 with 3017903000 instructions added at 975643
ReadTaskClass(): Task 543 with 1760104000 instructions added at 975667
ReadTaskClass(): Task 544 with 2043871000 instructions added at 977500
ReadTaskClass(): Task 545 with 1932118000 instructions added at 982785
ReadTaskClass(): Task 546 with 2616646000 instructions added at 984317
ReadTaskClass(): Task 547 with 1557724000 instructions added at 987345
ReadTaskClass(): Task 548 with 2220956000 instructions added at 990391
ReadTaskClass(): Task 549 with 2555967000 instructions added at 994675
ReadTaskClass(): Task 550 with 1775912000 instructions added at 998448
ReadTaskClass(): Task 551 with 2256190000 instructions added at 999811
ReadTaskClass(): Task 552 with 2403543000 instructions added at 1000652
Init(): Found 553 tasks
Init(): Found 16 machines
Init(): About to initialize scheduler
Scheduler::Init(): Initializing scheduler
Scheduler::Init(): Using ConsolidationSleep policy
Init(): Starting simulation
Simulate(): There are 554 events in the simulator
