Init(): About to read input file
ReadMachineClass(): Reading machine descriptor
ReadTaskClass(): Reading task descriptor
ReadTaskClass(): Task 0 with 1130919000 instructions added at 76587
ReadTaskClass(): Task 1 with 2031216000 instructions added at 92187
ReadTaskClass(): Task 2 with 1458680000 instructions added at 137307
ReadTaskClass(): Task 3 with 1311924000 instructions added at 164932
ReadTaskClass(): Task 4 with 1332691000 instructions added at 233838
ReadTaskClass(): Task 5 with 1257000000 instructions added at 250957
ReadTaskClass(): Task 6 with 1588614000 instructions added at 331254
ReadTaskClass(): Task 7 with 2128979000 instructions added at 338657
ReadTaskClass(): Task 8 with 1499727000 instructions added at 348815
ReadTaskClass(): Task 9 with 2065236000 instructions added at 364436
ReadTaskClass(): Task 10 with 2153248000 instructions added at 374311
ReadTaskClass(): Task 11 with 1234714000 instructions added at 380529
ReadTaskClass(): Task 12 with 1348854000 instructions added at 383632
ReadTaskClass(): Task 13 with 2079184000 instructions added at 421632
ReadTaskClass(): Task 14 with 1539753000 instructions added at 449707
ReadTaskClass(): Task 15 with 2057453000 instructions added at 457862
ReadTaskClass(): Task 16 with 2011315000 instructions added at 481854
ReadTaskClass(): Task 17 with 1842251000 instructions added at 500798
ReadTaskClass(): Task 18 with 1761683000 instructions added at 530146
ReadTaskClass(): Task 19 with 1184530000 instructions added at 564832
ReadTaskClass(): Task 20 with 1058923000 instructions added at 575912
ReadTaskClass(): Task 21 with 1191598000 instructions added at 638570
ReadTaskClass(): Task 22 with 1651818000 instructions added at 646395
ReadTaskClass(): Task 23 with 1879038000 instructions added at 662826
ReadTaskClass(): Task 24 with 1859237000 instructions added at 672624
ReadTaskClass(): Task 25 with 2120198000 instructions added at 681358
ReadTaskClass(): Task 26 with 1097108000 instructions added at 686113
ReadTaskClass(): Task 27 with 1074939000 instructions added at 712279
ReadTaskClass(): Task 28 with 1414929000 instructions added at 719038
ReadTaskClass(): Task 29 with 1185241000 instructions added at 725943
ReadTaskClass(): Task 30 with 1446303000 instructions added at 735214
ReadTaskClass(): Task 31 with 1141534000 instructions added at 766434
ReadTaskClass(): Task 32 with 1415645000 instructions added at 788355
ReadTaskClass(): Task 33 with 1799117000 instructions added at 799281
ReadTaskClass(): Task 34 with 1225173000 instructions added at 831592
ReadTaskClass(): Task 35 with 1588969000 instructions added at 833907
ReadTaskClass(): Task 36 with 1853543000 instructions added at 837040
ReadTaskClass(): Task 37 with 1567180000 instructions added at 868280
ReadTaskClass(): Task 38 with 1254389000 instructions added at 884767
ReadTaskClass(): Task 39 with 1225107000 instructions added at 892752
ReadTaskClass(): Task 40 with 1202565000 instructions added at 902846
ReadTaskClass(): Task 41 with 1092422000 instructions added at 943503
ReadTaskClass(): Task 42 with 1627849000 instructions added at 947394
ReadTaskClass(): Task 43 with 1488610000 instructions added at 961204
ReadTaskClass(): Task 44 with 1274150000 instructions added at 972099
ReadTaskClass(): Task 45 with 2102665000 instructions added at 977918
ReadTaskClass(): Task 46 with 1824386000 instructions added at 1033294
ReadTaskClass(): Task 47 with 1402643000 instructions added at 1040418
ReadTaskClass(): Task 48 with 1255067000 instructions added at 1076642
ReadTaskClass(): Task 49 with 2133701000 instructions added at 1082893
ReadTaskClass(): Task 50 with 1104571000 instructions added at 1089976
ReadTaskClass(): Task 51 with 1329310000 instructions added at 1105442
ReadTaskClass(): Task 52 with 2110440000 instructions added at 1106602
ReadTaskClass(): Task 53 with 1793797000 instructions added at 1131776
ReadTaskClass(): Task 54 with 1544457000 instructions added at 1156934
ReadTaskClass(): Task 55 with 2028661000 instructions added at 1204591
ReadTaskClass(): Task 56 with 2131347000 instructions added at 1222082
ReadTaskClass(): Task 57 with 1098974000 instructions added at 1249898
ReadTaskClass(): Task 58 with 1718387000 instructions added at 1281663
ReadTaskClass(): Task 59 with 1745751000 instructions added at 1305420
ReadTaskClass(): Task 60 with 1902814000 instructions added at 1318230
ReadTaskClass(): Task 61 with 2049642000 instructions added at 1318814
ReadTaskClass(): Task 62 with 1936655000 instructions added at 1414136
ReadTaskClass(): Task 63 with 1098507000 instructions added at 1422654
ReadTaskClass(): Task 64 with 1273853000 instructions added at 1429823
ReadTaskClass(): Task 65 with 1732630000 instructions added at 1433517
ReadTaskClass(): Task 66 with 2104798000 instructions added at 1444440
ReadTaskClass(): Task 67 with 2127537000 instructions added at 1482583
ReadTaskClass(): Task 68 with 2143637000 instructions added at 1492474
ReadTaskClass(): Task 69 with 1288503000 instructions added at 1517285
ReadTaskClass(): Task 70 with 1379738000 instructions added at 1536287
ReadTaskClass(): Task 71 with 1887191000 instructions added at 1568221
ReadTaskClass(): Task 72 with 1264103000 instructions added at 1630509
ReadTaskClass(): Task 73 with 1307546000 instructions added at 1644843
ReadTaskClass(): Task 74 with 2141513000 instructions added at 1669898
ReadTaskClass(): Task 75 with 1131292000 instructions added at 1684120
ReadTaskClass(): Task 76 with 2132984000 instructions added at 1714949
ReadTaskClass(): Task 77 with 2142333000 instructions added at 1719507
ReadTaskClass(): Task 78 with 2131189000 instructions added at 1727075
ReadTaskClass(): Task 79 with 2057054000 instructions added at 1730562
ReadTaskClass(): Task 80 with 1938945000 instructions added at 1745515
ReadTaskClass(): Task 81 with 1375178000 instructions added at 1753937
ReadTaskClass(): Task 82 with 1990898000 instructions added at 1763427
ReadTaskClass(): Task 83 with 1572178000 instructions added at 1776375
ReadTaskClass(): Task 84 with 1687175000 instructions added at 1796823
ReadTaskClass(): Task 85 with 1349880000 instructions added at 1813603
ReadTaskClass(): Task 86 with 1172704000 instructions added at 1815821
ReadTaskClass(): Task 87 with 1533865000 instructions added at 1825754
ReadTaskClass(): Task 88 with 1792268000 instructions added at 1832260
ReadTaskClass(): Task 89 with 1192271000 instructions added at 1844295
ReadTaskClass(): Task 90 with 1964970000 instructions added at 1872518
ReadTaskClass(): Task 91 with 1354220000 instructions added at 1908189
ReadTaskClass(): Task 92 with 1306846000 instructions added at 1955786
ReadTaskClass(): Task 93 with 1882749000 instructions added at 1970667
ReadTaskClass(): Task 94 with 1335863000 instructions added at 1972146
ReadTaskClass(): Task 95 with 1994008000 instructions added at 1973408
ReadTaskClass(): Task 96 with 2116335000 instructions added at 2010179
ReadTaskClass(): Task 97 with 1634541000 instructions added at 2034437
ReadTaskClass(): Task 98 with 2071790000 instructions added at 2057285
ReadTaskClass(): Task 99 with 1794365000 instructions added at 2090656
ReadTaskClass(): Task 100 with 1073746000 instructions added at 2105761
ReadTaskClass(): Task 101 with 1297544000 instructions added at 2138331
ReadTaskClass(): Task 102 with 1618315000 instructions added at 2154532
ReadTaskClass(): Task 103 with 1359025000 instructions added at 2167880
ReadTaskClass(): Task 104 with 1764564000 instructions added at 2191360
ReadTaskClass(): Task 105 with 2105208000 instructions added at 2234416
ReadTaskClass(): Task 106 with 1057282000 instructions added at 2248793
ReadTaskClass(): Task 107 with 1566640000 instructions added at 2277469
ReadTaskClass(): Task 108 with 1554136000 instructions added at 2284601
ReadTaskClass(): Task 109 with 1710852000 instructions added at 2379327
ReadTaskClass(): Task 110 with 1123816000 instructions added at 2382180
ReadTaskClass(): Task 111 with 2050614000 instructions added at 2382410
ReadTaskClass(): Task 112 with 1635026000 instructions added at 2386504
ReadTaskClass(): Task 113 with 1939275000 instructions added at 2402549
ReadTaskClass(): Task 114 with 1564364000 instructions added at 2425885
ReadTaskClass(): Task 115 with 1234237000 instructions added at 2428159
ReadTaskClass(): Task 116 with 2122064000 instructions added at 2436724
ReadTaskClass(): Task 117 with 1527520000 instructions added at 2452450
ReadTaskClass(): Task 118 with 1064354000 instructions added at 2476144
ReadTaskClass(): Task 119 with 1843995000 instructions added at 2481959
ReadTaskClass(): Task 120 with 1968430000 instructions added at 2483375
ReadTaskClass(): Task 121 with 1757469000 instructions added at 2488583
ReadTaskClass(): Task 122 with 1668466000 instructions added at 2503419
ReadTaskClass(): Task 123 with 1321816000 instructions added at 2531973
ReadTaskClass(): Task 124 with 1647721000 instructions added at 2558846
ReadTaskClass(): Task 125 with 1138922000 instructions added at 2590042
ReadTaskClass(): Task 126 with 1430879000 instructions added at 2599350
ReadTaskClass(): Task 127 with 1999270000 instructions added at 2687491
ReadTaskClass(): Task 128 with 1988392000 instructions added at 2709406
ReadTaskClass(): Task 129 with 1659294000 instructions added at 2726687
ReadTaskClass(): Task 130 with 1695230000 instructions added at 2727903
ReadTaskClass(): Task 131 with 1167750000 instructions added at 2781867
ReadTaskClass(): Task 132 with 2073606000 instructions added at 2786114
ReadTaskClass(): Task 133 with 1380608000 instructions added at 2801683
ReadTaskClass(): Reading task descriptor
ReadTaskClass(): Task 134 with 2828766000 instructions added at 413619
ReadTaskClass(): Task 135 with 2424312000 instructions added at 413713
ReadTaskClass(): Task 136 with 1571748000 instructions added at 449786
ReadTaskClass(): Task 137 with 2937463000 instructions added at 465370
ReadTaskClass(): Task 138 with 2841069000 instructions added at 482842
ReadTaskClass(): Task 139 with 2156272000 instructions added at 488221
ReadTaskClass(): Task 140 with 1658743000 instructions added at 528477
ReadTaskClass(): Task 141 with 2660303000 instructions added at 587557
ReadTaskClass(): Task 142 with 2901690000 instructions added at 592820
ReadTaskClass(): Task 143 with 1665678000 instructions added at 595215
ReadTaskClass(): Task 144 with 2734986000 instructions added at 604894
ReadTaskClass(): Task 145 with 2201201000 instructions added at 646523
ReadTaskClass(): Task 146 with 2119648000 instructions added at 661366
ReadTaskClass(): Task 147 with 2484172000 instructions added at 665879
ReadTaskClass(): Task 148 with 2702205000 instructions added at 680599
ReadTaskClass(): Task 149 with 2690056000 instructions added at 682339
ReadTaskClass(): Task 150 with 2867279000 instructions added at 757745
ReadTaskClass(): Task 151 with 1673590000 instructions added at 784325
ReadTaskClass(): Task 152 with 2141845000 instructions added at 785107
ReadTaskClass(): Task 153 with 2837164000 instructions added at 808176
ReadTaskClass(): Task 154 with 2727877000 instructions added at 826453
ReadTaskClass(): Task 155 with 2954090000 instructions added at 867902
ReadTaskClass(): Task 156 with 1715264000 instructions added at 888147
ReadTaskClass(): Task 157 with 1959843000 instructions added at 908736
ReadTaskClass(): Task 158 with 1453919000 instructions added at 992517
ReadTaskClass(): Task 159 with 1474255000 instructions added at 992835
ReadTaskClass(): Task 160 with 2059761000 instructions added at 1021994
ReadTaskClass(): Task 161 with 1697680000 instructions added at 1038467
ReadTaskClass(): Task 162 with 1705236000 instructions added at 1057667
ReadTaskClass(): Task 163 with 2044270000 instructions added at 1078138
ReadTaskClass(): Task 164 with 1487666000 instructions added at 1088013
ReadTaskClass(): Task 165 with 2364797000 instructions added at 1113425
ReadTaskClass(): Task 166 with 2493510000 instructions added at 1120468
ReadTaskClass(): Task 167 with 2332356000 instructions added at 1126912
ReadTaskClass(): Task 168 with 1512909000 instructions added at 1149828
ReadTaskClass(): Task 169 with 2705389000 instructions added at 1172245
ReadTaskClass(): Task 170 with 2847538000 instructions added at 1195928
ReadTaskClass(): Task 171 with 2028926000 instructions added at 1205079
ReadTaskClass(): Task 172 with 1438131000 instructions added at 1212513
ReadTaskClass(): Task 173 with 1643620000 instructions added at 1219517
ReadTaskClass(): Task 174 with 1811152000 instructions added at 1262051
ReadTaskClass(): Task 175 with 2474936000 instructions added at 1376074
ReadTaskClass(): Task 176 with 2447693000 instructions added at 1391303
ReadTaskClass(): Task 177 with 1945224000 instructions added at 1409682
ReadTaskClass(): Task 178 with 2674929000 instructions added at 1412454
ReadTaskClass(): Task 179 with 2879064000 instructions added at 1435561
ReadTaskClass(): Task 180 with 2424590000 instructions added at 1477832
ReadTaskClass(): Task 181 with 1920200000 instructions added at 1502054
ReadTaskClass(): Task 182 with 2539934000 instructions added at 1505224
ReadTaskClass(): Task 183 with 2401091000 instructions added at 1517165
ReadTaskClass(): Task 184 with 1593168000 instructions added at 1534147
ReadTaskClass(): Task 185 with 1562774000 instructions added at 1536422
ReadTaskClass(): Task 186 with 1644897000 instructions added at 1576024
ReadTaskClass(): Task 187 with 2669619000 instructions added at 1581289
ReadTaskClass(): Task 188 with 2495886000 instructions added at 1584515
ReadTaskClass(): Task 189 with 2110892000 instructions added at 1598031
ReadTaskClass(): Task 190 with 2903045000 instructions added at 1632315
ReadTaskClass(): Task 191 with 2440074000 instructions added at 1700974
ReadTaskClass(): Task 192 with 2690873000 instructions added at 1706399
ReadTaskClass(): Task 193 with 2349396000 instructions added at 1709626
ReadTaskClass(): Task 194 with 1745394000 instructions added at 1722728
ReadTaskClass(): Task 195 with 2676675000 instructions added at 1730176
ReadTaskClass(): Task 196 with 1946982000 instructions added at 1732092
ReadTaskClass(): Task 197 with 1544680000 instructions added at 1742690
ReadTaskClass(): Task 198 with 1742934000 instructions added at 1809328
ReadTaskClass(): Task 199 with 2520435000 instructions added at 1828979
ReadTaskClass(): Task 200 with 2016398000 instructions added at 1878370
ReadTaskClass(): Task 201 with 2076267000 instructions added at 1887965
ReadTaskClass(): Task 202 with 1817340000 instructions added at 1923945
ReadTaskClass(): Task 203 with 1806530000 instructions added at 1945937
ReadTaskClass(): Task 204 with 2195975000 instructions added at 1997146
ReadTaskClass(): Task 205 with 1932959000 instructions added at 2019431
ReadTaskClass(): Task 206 with 2697517000 instructions added at 2022913
ReadTaskClass(): Task 207 with 2739815000 instructions added at 2093667
ReadTaskClass(): Task 208 with 2005085000 instructions added at 2162142
ReadTaskClass(): Task 209 with 2468814000 instructions added at 2189261
ReadTaskClass(): Task 210 with 1935467000 instructions added at 2226925
ReadTaskClass(): Task 211 with 2162253000 instructions added at 2230172
ReadTaskClass(): Task 212 with 2917007000 instructions added at 2269434
ReadTaskClass(): Task 213 with 2092250000 instructions added at 2296343
ReadTaskClass(): Task 214 with 2216709000 instructions added at 2349333
ReadTaskClass(): Task 215 with 2085937000 instructions added at 2373562
ReadTaskClass(): Task 216 with 1624304000 instructions added at 2409377
ReadTaskClass(): Task 217 with 1552570000 instructions added at 2412358
ReadTaskClass(): Task 218 with 2805495000 instructions added at 2424706
ReadTaskClass(): Task 219 with 2765779000 instructions added at 2475223
ReadTaskClass(): Task 220 with 2646839000 instructions added at 2567633
ReadTaskClass(): Task 221 with 2458413000 instructions added at 2574977
ReadTaskClass(): Task 222 with 2856462000 instructions added at 2585595
ReadTaskClass(): Task 223 with 2249552000 instructions added at 2611485
Init(): Found 224 tasks
Init(): Found 24 machines
Init(): About to initialize scheduler
Scheduler::Init(): Initializing scheduler
Scheduler::Init(): Using ConsolidationSleep policy
Init(): Starting simulation
Simulate(): There are 225 events in the simulator
SLA violation report
SLA0: 0%
SLA1: 0%
SLA2: 100%
Total Energy 0.0395248KW-Hour
Simulation run finished in 52.68 seconds
